<?xml version="1.0" encoding="UTF-8"?>
<robot generator="Robot 3.2.2 (Python 3.6.5 on win32)" generated="20201129 08:08:11.099" rpa="false">
<suite id="s1" name="Acceptance" source="C:\repo\rfhub2\tests\acceptance">
<kw name="Start Rfhub2" library="keywords" type="setup">
<doc>Starts rfhub2 on the port given in the variable ${PORT}
As a side effect this creates a suite variable named ${rfhub process},
which is used by the 'Stop rfhub2' keyword.</doc>
<kw name="Remove File" library="OperatingSystem">
<doc>Removes a file with the given path.</doc>
<arguments>
<arg>${DB_PATH}</arg>
</arguments>
<msg timestamp="20201129 08:08:11.528" level="INFO" html="yes">Removed file '&lt;a href="file://C:\repo\rfhub2\test.db"&gt;C:\repo\rfhub2\test.db&lt;/a&gt;'.</msg>
<status status="PASS" starttime="20201129 08:08:11.526" endtime="20201129 08:08:11.528"></status>
</kw>
<kw name="Start Process" library="Process">
<doc>Starts a new process on background.</doc>
<arguments>
<arg>${ACTIVATE_VENV} ${DB_URI} rfhub2</arg>
<arg>shell=True</arg>
<arg>stdout=api_logs.log</arg>
<arg>stderr=stderr_logs.log</arg>
</arguments>
<assign>
<var>${rfhub2_process}</var>
</assign>
<msg timestamp="20201129 08:08:11.530" level="INFO">Starting process:
  rfhub2</msg>
<msg timestamp="20201129 08:08:11.747" level="INFO">${rfhub2_process} = 1</msg>
<status status="PASS" starttime="20201129 08:08:11.528" endtime="20201129 08:08:11.747"></status>
</kw>
<kw name="Set Suite Variable" library="BuiltIn">
<doc>Makes a variable available everywhere within the scope of the current suite.</doc>
<arguments>
<arg>${rfhub2_process}</arg>
</arguments>
<msg timestamp="20201129 08:08:11.747" level="INFO">${rfhub2_process} = 1</msg>
<status status="PASS" starttime="20201129 08:08:11.747" endtime="20201129 08:08:11.748"></status>
</kw>
<kw name="Wait Until Keyword Succeeds" library="BuiltIn">
<doc>Runs the specified keyword and retries if it fails.</doc>
<arguments>
<arg>20 seconds</arg>
<arg>0.5 second</arg>
<arg>Verify URL Is Reachable</arg>
<arg>/api/v1/health</arg>
</arguments>
<kw name="Verify URL Is Reachable" library="keywords">
<doc>Fail if the given URL doesn't return a status code of 200.</doc>
<arguments>
<arg>/api/v1/health</arg>
</arguments>
<kw name="Create Session" library="RequestsLibrary">
<doc>Create Session: create a HTTP session to a server</doc>
<arguments>
<arg>tmp</arg>
<arg>http://localhost:${PORT}</arg>
</arguments>
<msg timestamp="20201129 08:08:11.749" level="INFO">Creating Session using : alias=tmp, url=http://localhost:8000, headers={},                     cookies={}, auth=None, timeout=None, proxies=None, verify=False,                     debug=0 </msg>
<status status="PASS" starttime="20201129 08:08:11.749" endtime="20201129 08:08:11.750"></status>
</kw>
<kw name="Get Request" library="RequestsLibrary">
<doc>Send a GET request on the session object found using the
given `alias`</doc>
<arguments>
<arg>tmp</arg>
<arg>${url}</arg>
</arguments>
<assign>
<var>${response}</var>
</assign>
<msg timestamp="20201129 08:08:12.775" level="INFO">GET Request : url=http://localhost:8000/api/v1/health (redirected) 
 path_url=/api/v1/health 
 headers={'User-Agent': 'python-requests/2.25.0', 'Accept-Encoding': 'gzip, deflate', 'Accept': '*/*', 'Connection': 'keep-alive'} 
 body=None 
 </msg>
<msg timestamp="20201129 08:08:12.775" level="INFO">GET Response : url=http://localhost:8000/api/v1/health/ 
 status=200, reason=OK 
 body={"db":"ok"} 
 </msg>
<msg timestamp="20201129 08:08:12.775" level="INFO">${response} = &lt;Response [200]&gt;</msg>
<status status="PASS" starttime="20201129 08:08:11.750" endtime="20201129 08:08:12.776"></status>
</kw>
<kw name="Should Be Equal As Integers" library="BuiltIn">
<doc>Fails if objects are unequal after converting them to integers.</doc>
<arguments>
<arg>${response.status_code}</arg>
<arg>200</arg>
</arguments>
<msg timestamp="20201129 08:08:12.776" level="INFO">Argument types are:
&lt;class 'int'&gt;
&lt;type 'unicode'&gt;</msg>
<status status="PASS" starttime="20201129 08:08:12.776" endtime="20201129 08:08:12.777"></status>
</kw>
<status status="PASS" starttime="20201129 08:08:11.748" endtime="20201129 08:08:12.777"></status>
</kw>
<status status="PASS" starttime="20201129 08:08:11.748" endtime="20201129 08:08:12.777"></status>
</kw>
<status status="PASS" starttime="20201129 08:08:11.526" endtime="20201129 08:08:12.777"></status>
</kw>
<suite id="s1-s1" name="Cli Options" source="C:\repo\rfhub2\tests\acceptance\cli_options.robot">
<kw name="Run Package With Help Option" type="setup">
<kw name="Run Cli Package With Options" library="keywords">
<doc>Attempt to run the rfhub2-cli package with the given options
The stdout of the process will be in a test suite
variable named ${output}</doc>
<arguments>
<arg>--help</arg>
</arguments>
<kw name="Run" library="OperatingSystem">
<doc>Runs the given command in the system and returns the output.</doc>
<arguments>
<arg>${ACTIVATE_VENV} rfhub2-cli ${options}</arg>
</arguments>
<assign>
<var>${output}</var>
</assign>
<msg timestamp="20201129 08:08:12.931" level="INFO">Running command ' rfhub2-cli --help 2&gt;&amp;1'.</msg>
<msg timestamp="20201129 08:08:14.515" level="INFO">${output} = Usage: rfhub2-cli [OPTIONS] [PATHS]...

  Package to populate rfhub2 with robot framework keywords from libraries
  and resource files.

Options:
  -a, --app-url TEXT              Specifies IP, URI or...</msg>
<status status="PASS" starttime="20201129 08:08:12.790" endtime="20201129 08:08:14.515"></status>
</kw>
<kw name="Set Suite Variable" library="BuiltIn">
<doc>Makes a variable available everywhere within the scope of the current suite.</doc>
<arguments>
<arg>${output}</arg>
</arguments>
<msg timestamp="20201129 08:08:14.516" level="INFO">${output} = Usage: rfhub2-cli [OPTIONS] [PATHS]...

  Package to populate rfhub2 with robot framework keywords from libraries
  and resource files.

Options:
  -a, --app-url TEXT              Specifies IP, URI or...</msg>
<status status="PASS" starttime="20201129 08:08:14.516" endtime="20201129 08:08:14.516"></status>
</kw>
<status status="PASS" starttime="20201129 08:08:12.789" endtime="20201129 08:08:14.516"></status>
</kw>
<status status="PASS" starttime="20201129 08:08:12.789" endtime="20201129 08:08:14.517"></status>
</kw>
<test id="s1-s1-t1" name="Documentation For Whole Package Should Be Displayed Properly">
<kw name="Output Should Contain" library="keywords">
<doc>Fail if the output from the previous command doesn't contain the given string
This keyword assumes the output of the command is in
a test suite variable named ${output}</doc>
<arguments>
<arg>Package to populate rfhub2 with robot framework keywords from libraries</arg>
<arg>and resource files.</arg>
</arguments>
<kw name="Create Dictionary" library="BuiltIn">
<doc>Creates and returns a dictionary based on the given ``items``.</doc>
<arguments>
<arg>output=${output}</arg>
</arguments>
<assign>
<var>${ns}</var>
</assign>
<msg timestamp="20201129 08:08:14.521" level="INFO">${ns} = {'output': 'Usage: rfhub2-cli [OPTIONS] [PATHS]...\n\n  Package to populate rfhub2 with robot framework keywords from libraries\n  and resource files.\n\nOptions:\n  -a, --app-url TEXT              Sp...</msg>
<status status="PASS" starttime="20201129 08:08:14.520" endtime="20201129 08:08:14.521"></status>
</kw>
<kw name="Evaluate" library="BuiltIn">
<doc>Evaluates the given expression in Python and returns the result.</doc>
<arguments>
<arg>" ".join(l.strip() for l in output.splitlines())</arg>
<arg>namespace=${ns}</arg>
</arguments>
<assign>
<var>${clean_output}</var>
</assign>
<msg timestamp="20201129 08:08:14.521" level="INFO">${clean_output} = Usage: rfhub2-cli [OPTIONS] [PATHS]...  Package to populate rfhub2 with robot framework keywords from libraries and resource files.  Options: -a, --app-url TEXT              Specifies IP, URI or host ...</msg>
<status status="PASS" starttime="20201129 08:08:14.521" endtime="20201129 08:08:14.522"></status>
</kw>
<kw name="${pattern} IN [ @{patterns} ]" type="for">
<kw name="${pattern} = Package to populate rfhub2 with robot framework keywords from libraries" type="foritem">
<kw name="Run Keyword If" library="BuiltIn">
<doc>Runs the given keyword with the given arguments, if ``condition`` is true.</doc>
<arguments>
<arg>'''${pattern}''' not in '''${clean_output}'''</arg>
<arg>Fail</arg>
<arg>Output did not contain '${pattern}'</arg>
</arguments>
<status status="PASS" starttime="20201129 08:08:14.522" endtime="20201129 08:08:14.523"></status>
</kw>
<status status="PASS" starttime="20201129 08:08:14.522" endtime="20201129 08:08:14.523"></status>
</kw>
<kw name="${pattern} = and resource files." type="foritem">
<kw name="Run Keyword If" library="BuiltIn">
<doc>Runs the given keyword with the given arguments, if ``condition`` is true.</doc>
<arguments>
<arg>'''${pattern}''' not in '''${clean_output}'''</arg>
<arg>Fail</arg>
<arg>Output did not contain '${pattern}'</arg>
</arguments>
<status status="PASS" starttime="20201129 08:08:14.523" endtime="20201129 08:08:14.524"></status>
</kw>
<status status="PASS" starttime="20201129 08:08:14.523" endtime="20201129 08:08:14.524"></status>
</kw>
<status status="PASS" starttime="20201129 08:08:14.522" endtime="20201129 08:08:14.524"></status>
</kw>
<status status="PASS" starttime="20201129 08:08:14.519" endtime="20201129 08:08:14.524"></status>
</kw>
<doc>Documentation For Whole Package Should Be Displayed Properly</doc>
<status status="PASS" starttime="20201129 08:08:14.517" endtime="20201129 08:08:14.524" critical="yes"></status>
</test>
<test id="s1-s1-t2" name="Documentation For AppUrl Should Be Displayed Properly">
<kw name="Output Should Contain" library="keywords">
<doc>Fail if the output from the previous command doesn't contain the given string
This keyword assumes the output of the command is in
a test suite variable named ${output}</doc>
<arguments>
<arg>-a, --app-url TEXT</arg>
<arg>Specifies IP, URI or host of rfhub2 web</arg>
<arg>application. Default value is</arg>
<arg>http://localhost:8000.</arg>
</arguments>
<kw name="Create Dictionary" library="BuiltIn">
<doc>Creates and returns a dictionary based on the given ``items``.</doc>
<arguments>
<arg>output=${output}</arg>
</arguments>
<assign>
<var>${ns}</var>
</assign>
<msg timestamp="20201129 08:08:14.527" level="INFO">${ns} = {'output': 'Usage: rfhub2-cli [OPTIONS] [PATHS]...\n\n  Package to populate rfhub2 with robot framework keywords from libraries\n  and resource files.\n\nOptions:\n  -a, --app-url TEXT              Sp...</msg>
<status status="PASS" starttime="20201129 08:08:14.526" endtime="20201129 08:08:14.527"></status>
</kw>
<kw name="Evaluate" library="BuiltIn">
<doc>Evaluates the given expression in Python and returns the result.</doc>
<arguments>
<arg>" ".join(l.strip() for l in output.splitlines())</arg>
<arg>namespace=${ns}</arg>
</arguments>
<assign>
<var>${clean_output}</var>
</assign>
<msg timestamp="20201129 08:08:14.528" level="INFO">${clean_output} = Usage: rfhub2-cli [OPTIONS] [PATHS]...  Package to populate rfhub2 with robot framework keywords from libraries and resource files.  Options: -a, --app-url TEXT              Specifies IP, URI or host ...</msg>
<status status="PASS" starttime="20201129 08:08:14.527" endtime="20201129 08:08:14.528"></status>
</kw>
<kw name="${pattern} IN [ @{patterns} ]" type="for">
<kw name="${pattern} = -a, --app-url TEXT" type="foritem">
<kw name="Run Keyword If" library="BuiltIn">
<doc>Runs the given keyword with the given arguments, if ``condition`` is true.</doc>
<arguments>
<arg>'''${pattern}''' not in '''${clean_output}'''</arg>
<arg>Fail</arg>
<arg>Output did not contain '${pattern}'</arg>
</arguments>
<status status="PASS" starttime="20201129 08:08:14.529" endtime="20201129 08:08:14.529"></status>
</kw>
<status status="PASS" starttime="20201129 08:08:14.528" endtime="20201129 08:08:14.529"></status>
</kw>
<kw name="${pattern} = Specifies IP, URI or host of rfhub2 web" type="foritem">
<kw name="Run Keyword If" library="BuiltIn">
<doc>Runs the given keyword with the given arguments, if ``condition`` is true.</doc>
<arguments>
<arg>'''${pattern}''' not in '''${clean_output}'''</arg>
<arg>Fail</arg>
<arg>Output did not contain '${pattern}'</arg>
</arguments>
<status status="PASS" starttime="20201129 08:08:14.529" endtime="20201129 08:08:14.530"></status>
</kw>
<status status="PASS" starttime="20201129 08:08:14.529" endtime="20201129 08:08:14.530"></status>
</kw>
<kw name="${pattern} = application. Default value is" type="foritem">
<kw name="Run Keyword If" library="BuiltIn">
<doc>Runs the given keyword with the given arguments, if ``condition`` is true.</doc>
<arguments>
<arg>'''${pattern}''' not in '''${clean_output}'''</arg>
<arg>Fail</arg>
<arg>Output did not contain '${pattern}'</arg>
</arguments>
<status status="PASS" starttime="20201129 08:08:14.530" endtime="20201129 08:08:14.531"></status>
</kw>
<status status="PASS" starttime="20201129 08:08:14.530" endtime="20201129 08:08:14.531"></status>
</kw>
<kw name="${pattern} = http://localhost:8000." type="foritem">
<kw name="Run Keyword If" library="BuiltIn">
<doc>Runs the given keyword with the given arguments, if ``condition`` is true.</doc>
<arguments>
<arg>'''${pattern}''' not in '''${clean_output}'''</arg>
<arg>Fail</arg>
<arg>Output did not contain '${pattern}'</arg>
</arguments>
<status status="PASS" starttime="20201129 08:08:14.531" endtime="20201129 08:08:14.531"></status>
</kw>
<status status="PASS" starttime="20201129 08:08:14.531" endtime="20201129 08:08:14.531"></status>
</kw>
<status status="PASS" starttime="20201129 08:08:14.528" endtime="20201129 08:08:14.532"></status>
</kw>
<status status="PASS" starttime="20201129 08:08:14.526" endtime="20201129 08:08:14.532"></status>
</kw>
<doc>Documentation For AppUrl Should Be Displayed Properly</doc>
<status status="PASS" starttime="20201129 08:08:14.525" endtime="20201129 08:08:14.532" critical="yes"></status>
</test>
<test id="s1-s1-t3" name="Documentation For User Should Be Displayed Properly">
<kw name="Output Should Contain" library="keywords">
<doc>Fail if the output from the previous command doesn't contain the given string
This keyword assumes the output of the command is in
a test suite variable named ${output}</doc>
<arguments>
<arg>-u, --user TEXT</arg>
<arg>Specifies rfhub2 user to authenticate on</arg>
<arg>endpoints that requires that. Default value</arg>
<arg>is rfhub.</arg>
</arguments>
<kw name="Create Dictionary" library="BuiltIn">
<doc>Creates and returns a dictionary based on the given ``items``.</doc>
<arguments>
<arg>output=${output}</arg>
</arguments>
<assign>
<var>${ns}</var>
</assign>
<msg timestamp="20201129 08:08:14.535" level="INFO">${ns} = {'output': 'Usage: rfhub2-cli [OPTIONS] [PATHS]...\n\n  Package to populate rfhub2 with robot framework keywords from libraries\n  and resource files.\n\nOptions:\n  -a, --app-url TEXT              Sp...</msg>
<status status="PASS" starttime="20201129 08:08:14.535" endtime="20201129 08:08:14.535"></status>
</kw>
<kw name="Evaluate" library="BuiltIn">
<doc>Evaluates the given expression in Python and returns the result.</doc>
<arguments>
<arg>" ".join(l.strip() for l in output.splitlines())</arg>
<arg>namespace=${ns}</arg>
</arguments>
<assign>
<var>${clean_output}</var>
</assign>
<msg timestamp="20201129 08:08:14.536" level="INFO">${clean_output} = Usage: rfhub2-cli [OPTIONS] [PATHS]...  Package to populate rfhub2 with robot framework keywords from libraries and resource files.  Options: -a, --app-url TEXT              Specifies IP, URI or host ...</msg>
<status status="PASS" starttime="20201129 08:08:14.535" endtime="20201129 08:08:14.536"></status>
</kw>
<kw name="${pattern} IN [ @{patterns} ]" type="for">
<kw name="${pattern} = -u, --user TEXT" type="foritem">
<kw name="Run Keyword If" library="BuiltIn">
<doc>Runs the given keyword with the given arguments, if ``condition`` is true.</doc>
<arguments>
<arg>'''${pattern}''' not in '''${clean_output}'''</arg>
<arg>Fail</arg>
<arg>Output did not contain '${pattern}'</arg>
</arguments>
<status status="PASS" starttime="20201129 08:08:14.537" endtime="20201129 08:08:14.537"></status>
</kw>
<status status="PASS" starttime="20201129 08:08:14.537" endtime="20201129 08:08:14.537"></status>
</kw>
<kw name="${pattern} = Specifies rfhub2 user to authenticate on" type="foritem">
<kw name="Run Keyword If" library="BuiltIn">
<doc>Runs the given keyword with the given arguments, if ``condition`` is true.</doc>
<arguments>
<arg>'''${pattern}''' not in '''${clean_output}'''</arg>
<arg>Fail</arg>
<arg>Output did not contain '${pattern}'</arg>
</arguments>
<status status="PASS" starttime="20201129 08:08:14.538" endtime="20201129 08:08:14.538"></status>
</kw>
<status status="PASS" starttime="20201129 08:08:14.537" endtime="20201129 08:08:14.538"></status>
</kw>
<kw name="${pattern} = endpoints that requires that. Default value" type="foritem">
<kw name="Run Keyword If" library="BuiltIn">
<doc>Runs the given keyword with the given arguments, if ``condition`` is true.</doc>
<arguments>
<arg>'''${pattern}''' not in '''${clean_output}'''</arg>
<arg>Fail</arg>
<arg>Output did not contain '${pattern}'</arg>
</arguments>
<status status="PASS" starttime="20201129 08:08:14.539" endtime="20201129 08:08:14.539"></status>
</kw>
<status status="PASS" starttime="20201129 08:08:14.538" endtime="20201129 08:08:14.539"></status>
</kw>
<kw name="${pattern} = is rfhub." type="foritem">
<kw name="Run Keyword If" library="BuiltIn">
<doc>Runs the given keyword with the given arguments, if ``condition`` is true.</doc>
<arguments>
<arg>'''${pattern}''' not in '''${clean_output}'''</arg>
<arg>Fail</arg>
<arg>Output did not contain '${pattern}'</arg>
</arguments>
<status status="PASS" starttime="20201129 08:08:14.539" endtime="20201129 08:08:14.540"></status>
</kw>
<status status="PASS" starttime="20201129 08:08:14.539" endtime="20201129 08:08:14.540"></status>
</kw>
<status status="PASS" starttime="20201129 08:08:14.536" endtime="20201129 08:08:14.540"></status>
</kw>
<status status="PASS" starttime="20201129 08:08:14.534" endtime="20201129 08:08:14.540"></status>
</kw>
<doc>Documentation For User Should Be Displayed Properly</doc>
<status status="PASS" starttime="20201129 08:08:14.533" endtime="20201129 08:08:14.540" critical="yes"></status>
</test>
<test id="s1-s1-t4" name="Documentation For Password Should Be Displayed Properly">
<kw name="Output Should Contain" library="keywords">
<doc>Fail if the output from the previous command doesn't contain the given string
This keyword assumes the output of the command is in
a test suite variable named ${output}</doc>
<arguments>
<arg>-p, --password TEXT</arg>
<arg>Specifies rfhub2 password to authenticate on</arg>
<arg>endpoints that requires that. Default value</arg>
<arg>is rfhub.</arg>
</arguments>
<kw name="Create Dictionary" library="BuiltIn">
<doc>Creates and returns a dictionary based on the given ``items``.</doc>
<arguments>
<arg>output=${output}</arg>
</arguments>
<assign>
<var>${ns}</var>
</assign>
<msg timestamp="20201129 08:08:14.543" level="INFO">${ns} = {'output': 'Usage: rfhub2-cli [OPTIONS] [PATHS]...\n\n  Package to populate rfhub2 with robot framework keywords from libraries\n  and resource files.\n\nOptions:\n  -a, --app-url TEXT              Sp...</msg>
<status status="PASS" starttime="20201129 08:08:14.543" endtime="20201129 08:08:14.544"></status>
</kw>
<kw name="Evaluate" library="BuiltIn">
<doc>Evaluates the given expression in Python and returns the result.</doc>
<arguments>
<arg>" ".join(l.strip() for l in output.splitlines())</arg>
<arg>namespace=${ns}</arg>
</arguments>
<assign>
<var>${clean_output}</var>
</assign>
<msg timestamp="20201129 08:08:14.544" level="INFO">${clean_output} = Usage: rfhub2-cli [OPTIONS] [PATHS]...  Package to populate rfhub2 with robot framework keywords from libraries and resource files.  Options: -a, --app-url TEXT              Specifies IP, URI or host ...</msg>
<status status="PASS" starttime="20201129 08:08:14.544" endtime="20201129 08:08:14.544"></status>
</kw>
<kw name="${pattern} IN [ @{patterns} ]" type="for">
<kw name="${pattern} = -p, --password TEXT" type="foritem">
<kw name="Run Keyword If" library="BuiltIn">
<doc>Runs the given keyword with the given arguments, if ``condition`` is true.</doc>
<arguments>
<arg>'''${pattern}''' not in '''${clean_output}'''</arg>
<arg>Fail</arg>
<arg>Output did not contain '${pattern}'</arg>
</arguments>
<status status="PASS" starttime="20201129 08:08:14.545" endtime="20201129 08:08:14.545"></status>
</kw>
<status status="PASS" starttime="20201129 08:08:14.545" endtime="20201129 08:08:14.545"></status>
</kw>
<kw name="${pattern} = Specifies rfhub2 password to authenticate on" type="foritem">
<kw name="Run Keyword If" library="BuiltIn">
<doc>Runs the given keyword with the given arguments, if ``condition`` is true.</doc>
<arguments>
<arg>'''${pattern}''' not in '''${clean_output}'''</arg>
<arg>Fail</arg>
<arg>Output did not contain '${pattern}'</arg>
</arguments>
<status status="PASS" starttime="20201129 08:08:14.546" endtime="20201129 08:08:14.546"></status>
</kw>
<status status="PASS" starttime="20201129 08:08:14.546" endtime="20201129 08:08:14.546"></status>
</kw>
<kw name="${pattern} = endpoints that requires that. Default value" type="foritem">
<kw name="Run Keyword If" library="BuiltIn">
<doc>Runs the given keyword with the given arguments, if ``condition`` is true.</doc>
<arguments>
<arg>'''${pattern}''' not in '''${clean_output}'''</arg>
<arg>Fail</arg>
<arg>Output did not contain '${pattern}'</arg>
</arguments>
<status status="PASS" starttime="20201129 08:08:14.547" endtime="20201129 08:08:14.547"></status>
</kw>
<status status="PASS" starttime="20201129 08:08:14.546" endtime="20201129 08:08:14.547"></status>
</kw>
<kw name="${pattern} = is rfhub." type="foritem">
<kw name="Run Keyword If" library="BuiltIn">
<doc>Runs the given keyword with the given arguments, if ``condition`` is true.</doc>
<arguments>
<arg>'''${pattern}''' not in '''${clean_output}'''</arg>
<arg>Fail</arg>
<arg>Output did not contain '${pattern}'</arg>
</arguments>
<status status="PASS" starttime="20201129 08:08:14.547" endtime="20201129 08:08:14.548"></status>
</kw>
<status status="PASS" starttime="20201129 08:08:14.547" endtime="20201129 08:08:14.548"></status>
</kw>
<status status="PASS" starttime="20201129 08:08:14.544" endtime="20201129 08:08:14.548"></status>
</kw>
<status status="PASS" starttime="20201129 08:08:14.542" endtime="20201129 08:08:14.548"></status>
</kw>
<doc>Documentation For Password Should Be Displayed Properly</doc>
<status status="PASS" starttime="20201129 08:08:14.541" endtime="20201129 08:08:14.548" critical="yes"></status>
</test>
<test id="s1-s1-t5" name="Documentation For No Installed Keywords Should Be Displayed Properly">
<kw name="Output Should Contain" library="keywords">
<doc>Fail if the output from the previous command doesn't contain the given string
This keyword assumes the output of the command is in
a test suite variable named ${output}</doc>
<arguments>
<arg>--no-installed-keywords</arg>
<arg>Flag specifying if package should skip</arg>
<arg>loading commonly installed libraries, such</arg>
<arg>as such as BuiltIn, Collections, DateTime</arg>
<arg>etc.</arg>
</arguments>
<kw name="Create Dictionary" library="BuiltIn">
<doc>Creates and returns a dictionary based on the given ``items``.</doc>
<arguments>
<arg>output=${output}</arg>
</arguments>
<assign>
<var>${ns}</var>
</assign>
<msg timestamp="20201129 08:08:14.552" level="INFO">${ns} = {'output': 'Usage: rfhub2-cli [OPTIONS] [PATHS]...\n\n  Package to populate rfhub2 with robot framework keywords from libraries\n  and resource files.\n\nOptions:\n  -a, --app-url TEXT              Sp...</msg>
<status status="PASS" starttime="20201129 08:08:14.551" endtime="20201129 08:08:14.552"></status>
</kw>
<kw name="Evaluate" library="BuiltIn">
<doc>Evaluates the given expression in Python and returns the result.</doc>
<arguments>
<arg>" ".join(l.strip() for l in output.splitlines())</arg>
<arg>namespace=${ns}</arg>
</arguments>
<assign>
<var>${clean_output}</var>
</assign>
<msg timestamp="20201129 08:08:14.553" level="INFO">${clean_output} = Usage: rfhub2-cli [OPTIONS] [PATHS]...  Package to populate rfhub2 with robot framework keywords from libraries and resource files.  Options: -a, --app-url TEXT              Specifies IP, URI or host ...</msg>
<status status="PASS" starttime="20201129 08:08:14.552" endtime="20201129 08:08:14.553"></status>
</kw>
<kw name="${pattern} IN [ @{patterns} ]" type="for">
<kw name="${pattern} = --no-installed-keywords" type="foritem">
<kw name="Run Keyword If" library="BuiltIn">
<doc>Runs the given keyword with the given arguments, if ``condition`` is true.</doc>
<arguments>
<arg>'''${pattern}''' not in '''${clean_output}'''</arg>
<arg>Fail</arg>
<arg>Output did not contain '${pattern}'</arg>
</arguments>
<status status="PASS" starttime="20201129 08:08:14.553" endtime="20201129 08:08:14.554"></status>
</kw>
<status status="PASS" starttime="20201129 08:08:14.553" endtime="20201129 08:08:14.554"></status>
</kw>
<kw name="${pattern} = Flag specifying if package should skip" type="foritem">
<kw name="Run Keyword If" library="BuiltIn">
<doc>Runs the given keyword with the given arguments, if ``condition`` is true.</doc>
<arguments>
<arg>'''${pattern}''' not in '''${clean_output}'''</arg>
<arg>Fail</arg>
<arg>Output did not contain '${pattern}'</arg>
</arguments>
<status status="PASS" starttime="20201129 08:08:14.554" endtime="20201129 08:08:14.554"></status>
</kw>
<status status="PASS" starttime="20201129 08:08:14.554" endtime="20201129 08:08:14.554"></status>
</kw>
<kw name="${pattern} = loading commonly installed libraries, such" type="foritem">
<kw name="Run Keyword If" library="BuiltIn">
<doc>Runs the given keyword with the given arguments, if ``condition`` is true.</doc>
<arguments>
<arg>'''${pattern}''' not in '''${clean_output}'''</arg>
<arg>Fail</arg>
<arg>Output did not contain '${pattern}'</arg>
</arguments>
<status status="PASS" starttime="20201129 08:08:14.555" endtime="20201129 08:08:14.555"></status>
</kw>
<status status="PASS" starttime="20201129 08:08:14.555" endtime="20201129 08:08:14.555"></status>
</kw>
<kw name="${pattern} = as such as BuiltIn, Collections, DateTime" type="foritem">
<kw name="Run Keyword If" library="BuiltIn">
<doc>Runs the given keyword with the given arguments, if ``condition`` is true.</doc>
<arguments>
<arg>'''${pattern}''' not in '''${clean_output}'''</arg>
<arg>Fail</arg>
<arg>Output did not contain '${pattern}'</arg>
</arguments>
<status status="PASS" starttime="20201129 08:08:14.556" endtime="20201129 08:08:14.556"></status>
</kw>
<status status="PASS" starttime="20201129 08:08:14.555" endtime="20201129 08:08:14.556"></status>
</kw>
<kw name="${pattern} = etc." type="foritem">
<kw name="Run Keyword If" library="BuiltIn">
<doc>Runs the given keyword with the given arguments, if ``condition`` is true.</doc>
<arguments>
<arg>'''${pattern}''' not in '''${clean_output}'''</arg>
<arg>Fail</arg>
<arg>Output did not contain '${pattern}'</arg>
</arguments>
<status status="PASS" starttime="20201129 08:08:14.556" endtime="20201129 08:08:14.557"></status>
</kw>
<status status="PASS" starttime="20201129 08:08:14.556" endtime="20201129 08:08:14.557"></status>
</kw>
<status status="PASS" starttime="20201129 08:08:14.553" endtime="20201129 08:08:14.557"></status>
</kw>
<status status="PASS" starttime="20201129 08:08:14.550" endtime="20201129 08:08:14.557"></status>
</kw>
<doc>Documentation For No Installed Keywords Should Be Displayed Properly</doc>
<status status="PASS" starttime="20201129 08:08:14.549" endtime="20201129 08:08:14.557" critical="yes"></status>
</test>
<test id="s1-s1-t6" name="Documentation For Load Should Be Displayed Properly">
<kw name="Output Should Contain" library="keywords">
<doc>Fail if the output from the previous command doesn't contain the given string
This keyword assumes the output of the command is in
a test suite variable named ${output}</doc>
<arguments>
<arg>-m, --mode [keywords|statistics]</arg>
<arg>Choice parameter specifying what kind of</arg>
<arg>data package should add:</arg>
<arg>- `keywords` -</arg>
<arg>default value, application is working with</arg>
<arg>keywords documentation</arg>
<arg>- `statistics` -</arg>
<arg>application is working with data about</arg>
<arg>keywords execution.</arg>
</arguments>
<kw name="Create Dictionary" library="BuiltIn">
<doc>Creates and returns a dictionary based on the given ``items``.</doc>
<arguments>
<arg>output=${output}</arg>
</arguments>
<assign>
<var>${ns}</var>
</assign>
<msg timestamp="20201129 08:08:14.561" level="INFO">${ns} = {'output': 'Usage: rfhub2-cli [OPTIONS] [PATHS]...\n\n  Package to populate rfhub2 with robot framework keywords from libraries\n  and resource files.\n\nOptions:\n  -a, --app-url TEXT              Sp...</msg>
<status status="PASS" starttime="20201129 08:08:14.560" endtime="20201129 08:08:14.561"></status>
</kw>
<kw name="Evaluate" library="BuiltIn">
<doc>Evaluates the given expression in Python and returns the result.</doc>
<arguments>
<arg>" ".join(l.strip() for l in output.splitlines())</arg>
<arg>namespace=${ns}</arg>
</arguments>
<assign>
<var>${clean_output}</var>
</assign>
<msg timestamp="20201129 08:08:14.561" level="INFO">${clean_output} = Usage: rfhub2-cli [OPTIONS] [PATHS]...  Package to populate rfhub2 with robot framework keywords from libraries and resource files.  Options: -a, --app-url TEXT              Specifies IP, URI or host ...</msg>
<status status="PASS" starttime="20201129 08:08:14.561" endtime="20201129 08:08:14.561"></status>
</kw>
<kw name="${pattern} IN [ @{patterns} ]" type="for">
<kw name="${pattern} = -m, --mode [keywords|statistics]" type="foritem">
<kw name="Run Keyword If" library="BuiltIn">
<doc>Runs the given keyword with the given arguments, if ``condition`` is true.</doc>
<arguments>
<arg>'''${pattern}''' not in '''${clean_output}'''</arg>
<arg>Fail</arg>
<arg>Output did not contain '${pattern}'</arg>
</arguments>
<status status="PASS" starttime="20201129 08:08:14.562" endtime="20201129 08:08:14.563"></status>
</kw>
<status status="PASS" starttime="20201129 08:08:14.562" endtime="20201129 08:08:14.563"></status>
</kw>
<kw name="${pattern} = Choice parameter specifying what kind of" type="foritem">
<kw name="Run Keyword If" library="BuiltIn">
<doc>Runs the given keyword with the given arguments, if ``condition`` is true.</doc>
<arguments>
<arg>'''${pattern}''' not in '''${clean_output}'''</arg>
<arg>Fail</arg>
<arg>Output did not contain '${pattern}'</arg>
</arguments>
<status status="PASS" starttime="20201129 08:08:14.563" endtime="20201129 08:08:14.563"></status>
</kw>
<status status="PASS" starttime="20201129 08:08:14.563" endtime="20201129 08:08:14.563"></status>
</kw>
<kw name="${pattern} = data package should add:" type="foritem">
<kw name="Run Keyword If" library="BuiltIn">
<doc>Runs the given keyword with the given arguments, if ``condition`` is true.</doc>
<arguments>
<arg>'''${pattern}''' not in '''${clean_output}'''</arg>
<arg>Fail</arg>
<arg>Output did not contain '${pattern}'</arg>
</arguments>
<status status="PASS" starttime="20201129 08:08:14.564" endtime="20201129 08:08:14.564"></status>
</kw>
<status status="PASS" starttime="20201129 08:08:14.564" endtime="20201129 08:08:14.564"></status>
</kw>
<kw name="${pattern} = - `keywords` -" type="foritem">
<kw name="Run Keyword If" library="BuiltIn">
<doc>Runs the given keyword with the given arguments, if ``condition`` is true.</doc>
<arguments>
<arg>'''${pattern}''' not in '''${clean_output}'''</arg>
<arg>Fail</arg>
<arg>Output did not contain '${pattern}'</arg>
</arguments>
<status status="PASS" starttime="20201129 08:08:14.565" endtime="20201129 08:08:14.565"></status>
</kw>
<status status="PASS" starttime="20201129 08:08:14.564" endtime="20201129 08:08:14.565"></status>
</kw>
<kw name="${pattern} = default value, application is working with" type="foritem">
<kw name="Run Keyword If" library="BuiltIn">
<doc>Runs the given keyword with the given arguments, if ``condition`` is true.</doc>
<arguments>
<arg>'''${pattern}''' not in '''${clean_output}'''</arg>
<arg>Fail</arg>
<arg>Output did not contain '${pattern}'</arg>
</arguments>
<status status="PASS" starttime="20201129 08:08:14.565" endtime="20201129 08:08:14.566"></status>
</kw>
<status status="PASS" starttime="20201129 08:08:14.565" endtime="20201129 08:08:14.566"></status>
</kw>
<kw name="${pattern} = keywords documentation" type="foritem">
<kw name="Run Keyword If" library="BuiltIn">
<doc>Runs the given keyword with the given arguments, if ``condition`` is true.</doc>
<arguments>
<arg>'''${pattern}''' not in '''${clean_output}'''</arg>
<arg>Fail</arg>
<arg>Output did not contain '${pattern}'</arg>
</arguments>
<status status="PASS" starttime="20201129 08:08:14.566" endtime="20201129 08:08:14.567"></status>
</kw>
<status status="PASS" starttime="20201129 08:08:14.566" endtime="20201129 08:08:14.567"></status>
</kw>
<kw name="${pattern} = - `statistics` -" type="foritem">
<kw name="Run Keyword If" library="BuiltIn">
<doc>Runs the given keyword with the given arguments, if ``condition`` is true.</doc>
<arguments>
<arg>'''${pattern}''' not in '''${clean_output}'''</arg>
<arg>Fail</arg>
<arg>Output did not contain '${pattern}'</arg>
</arguments>
<status status="PASS" starttime="20201129 08:08:14.568" endtime="20201129 08:08:14.568"></status>
</kw>
<status status="PASS" starttime="20201129 08:08:14.568" endtime="20201129 08:08:14.568"></status>
</kw>
<kw name="${pattern} = application is working with data about" type="foritem">
<kw name="Run Keyword If" library="BuiltIn">
<doc>Runs the given keyword with the given arguments, if ``condition`` is true.</doc>
<arguments>
<arg>'''${pattern}''' not in '''${clean_output}'''</arg>
<arg>Fail</arg>
<arg>Output did not contain '${pattern}'</arg>
</arguments>
<status status="PASS" starttime="20201129 08:08:14.569" endtime="20201129 08:08:14.569"></status>
</kw>
<status status="PASS" starttime="20201129 08:08:14.569" endtime="20201129 08:08:14.569"></status>
</kw>
<kw name="${pattern} = keywords execution." type="foritem">
<kw name="Run Keyword If" library="BuiltIn">
<doc>Runs the given keyword with the given arguments, if ``condition`` is true.</doc>
<arguments>
<arg>'''${pattern}''' not in '''${clean_output}'''</arg>
<arg>Fail</arg>
<arg>Output did not contain '${pattern}'</arg>
</arguments>
<status status="PASS" starttime="20201129 08:08:14.570" endtime="20201129 08:08:14.570"></status>
</kw>
<status status="PASS" starttime="20201129 08:08:14.569" endtime="20201129 08:08:14.570"></status>
</kw>
<status status="PASS" starttime="20201129 08:08:14.562" endtime="20201129 08:08:14.570"></status>
</kw>
<status status="PASS" starttime="20201129 08:08:14.559" endtime="20201129 08:08:14.570"></status>
</kw>
<doc>Documentation For Mode Should Be Displayed Properly</doc>
<tags>
<tag>rfhub2-67</tag>
<tag>statistics</tag>
</tags>
<status status="PASS" starttime="20201129 08:08:14.558" endtime="20201129 08:08:14.571" critical="yes"></status>
</test>
<test id="s1-s1-t7" name="Documentation For Load Mode Should Be Displayed Properly">
<kw name="Output Should Contain" library="keywords">
<doc>Fail if the output from the previous command doesn't contain the given string
This keyword assumes the output of the command is in
a test suite variable named ${output}</doc>
<arguments>
<arg>-l, --load-mode [insert|append|update]</arg>
<arg>Choice parameter specifying in what load</arg>
<arg>mode package should run:</arg>
<arg>- `insert` -</arg>
<arg>default value, removes all existing</arg>
<arg>collections from app and add ones found in</arg>
<arg>paths</arg>
<arg>- `append`</arg>
<arg>- adds collections found</arg>
<arg>in paths without removal of existing ones</arg>
<arg>`update` - removes collections not found in</arg>
<arg>paths, adds new ones and updates existing</arg>
<arg>ones.</arg>
</arguments>
<kw name="Create Dictionary" library="BuiltIn">
<doc>Creates and returns a dictionary based on the given ``items``.</doc>
<arguments>
<arg>output=${output}</arg>
</arguments>
<assign>
<var>${ns}</var>
</assign>
<msg timestamp="20201129 08:08:14.574" level="INFO">${ns} = {'output': 'Usage: rfhub2-cli [OPTIONS] [PATHS]...\n\n  Package to populate rfhub2 with robot framework keywords from libraries\n  and resource files.\n\nOptions:\n  -a, --app-url TEXT              Sp...</msg>
<status status="PASS" starttime="20201129 08:08:14.573" endtime="20201129 08:08:14.574"></status>
</kw>
<kw name="Evaluate" library="BuiltIn">
<doc>Evaluates the given expression in Python and returns the result.</doc>
<arguments>
<arg>" ".join(l.strip() for l in output.splitlines())</arg>
<arg>namespace=${ns}</arg>
</arguments>
<assign>
<var>${clean_output}</var>
</assign>
<msg timestamp="20201129 08:08:14.575" level="INFO">${clean_output} = Usage: rfhub2-cli [OPTIONS] [PATHS]...  Package to populate rfhub2 with robot framework keywords from libraries and resource files.  Options: -a, --app-url TEXT              Specifies IP, URI or host ...</msg>
<status status="PASS" starttime="20201129 08:08:14.574" endtime="20201129 08:08:14.575"></status>
</kw>
<kw name="${pattern} IN [ @{patterns} ]" type="for">
<kw name="${pattern} = -l, --load-mode [insert|append|update]" type="foritem">
<kw name="Run Keyword If" library="BuiltIn">
<doc>Runs the given keyword with the given arguments, if ``condition`` is true.</doc>
<arguments>
<arg>'''${pattern}''' not in '''${clean_output}'''</arg>
<arg>Fail</arg>
<arg>Output did not contain '${pattern}'</arg>
</arguments>
<status status="PASS" starttime="20201129 08:08:14.575" endtime="20201129 08:08:14.576"></status>
</kw>
<status status="PASS" starttime="20201129 08:08:14.575" endtime="20201129 08:08:14.576"></status>
</kw>
<kw name="${pattern} = Choice parameter specifying in what load" type="foritem">
<kw name="Run Keyword If" library="BuiltIn">
<doc>Runs the given keyword with the given arguments, if ``condition`` is true.</doc>
<arguments>
<arg>'''${pattern}''' not in '''${clean_output}'''</arg>
<arg>Fail</arg>
<arg>Output did not contain '${pattern}'</arg>
</arguments>
<status status="PASS" starttime="20201129 08:08:14.576" endtime="20201129 08:08:14.577"></status>
</kw>
<status status="PASS" starttime="20201129 08:08:14.576" endtime="20201129 08:08:14.577"></status>
</kw>
<kw name="${pattern} = mode package should run:" type="foritem">
<kw name="Run Keyword If" library="BuiltIn">
<doc>Runs the given keyword with the given arguments, if ``condition`` is true.</doc>
<arguments>
<arg>'''${pattern}''' not in '''${clean_output}'''</arg>
<arg>Fail</arg>
<arg>Output did not contain '${pattern}'</arg>
</arguments>
<status status="PASS" starttime="20201129 08:08:14.577" endtime="20201129 08:08:14.578"></status>
</kw>
<status status="PASS" starttime="20201129 08:08:14.577" endtime="20201129 08:08:14.578"></status>
</kw>
<kw name="${pattern} = - `insert` -" type="foritem">
<kw name="Run Keyword If" library="BuiltIn">
<doc>Runs the given keyword with the given arguments, if ``condition`` is true.</doc>
<arguments>
<arg>'''${pattern}''' not in '''${clean_output}'''</arg>
<arg>Fail</arg>
<arg>Output did not contain '${pattern}'</arg>
</arguments>
<status status="PASS" starttime="20201129 08:08:14.578" endtime="20201129 08:08:14.579"></status>
</kw>
<status status="PASS" starttime="20201129 08:08:14.578" endtime="20201129 08:08:14.579"></status>
</kw>
<kw name="${pattern} = default value, removes all existing" type="foritem">
<kw name="Run Keyword If" library="BuiltIn">
<doc>Runs the given keyword with the given arguments, if ``condition`` is true.</doc>
<arguments>
<arg>'''${pattern}''' not in '''${clean_output}'''</arg>
<arg>Fail</arg>
<arg>Output did not contain '${pattern}'</arg>
</arguments>
<status status="PASS" starttime="20201129 08:08:14.579" endtime="20201129 08:08:14.579"></status>
</kw>
<status status="PASS" starttime="20201129 08:08:14.579" endtime="20201129 08:08:14.579"></status>
</kw>
<kw name="${pattern} = collections from app and add ones found in" type="foritem">
<kw name="Run Keyword If" library="BuiltIn">
<doc>Runs the given keyword with the given arguments, if ``condition`` is true.</doc>
<arguments>
<arg>'''${pattern}''' not in '''${clean_output}'''</arg>
<arg>Fail</arg>
<arg>Output did not contain '${pattern}'</arg>
</arguments>
<status status="PASS" starttime="20201129 08:08:14.580" endtime="20201129 08:08:14.580"></status>
</kw>
<status status="PASS" starttime="20201129 08:08:14.580" endtime="20201129 08:08:14.580"></status>
</kw>
<kw name="${pattern} = paths" type="foritem">
<kw name="Run Keyword If" library="BuiltIn">
<doc>Runs the given keyword with the given arguments, if ``condition`` is true.</doc>
<arguments>
<arg>'''${pattern}''' not in '''${clean_output}'''</arg>
<arg>Fail</arg>
<arg>Output did not contain '${pattern}'</arg>
</arguments>
<status status="PASS" starttime="20201129 08:08:14.581" endtime="20201129 08:08:14.581"></status>
</kw>
<status status="PASS" starttime="20201129 08:08:14.581" endtime="20201129 08:08:14.581"></status>
</kw>
<kw name="${pattern} = - `append`" type="foritem">
<kw name="Run Keyword If" library="BuiltIn">
<doc>Runs the given keyword with the given arguments, if ``condition`` is true.</doc>
<arguments>
<arg>'''${pattern}''' not in '''${clean_output}'''</arg>
<arg>Fail</arg>
<arg>Output did not contain '${pattern}'</arg>
</arguments>
<status status="PASS" starttime="20201129 08:08:14.582" endtime="20201129 08:08:14.582"></status>
</kw>
<status status="PASS" starttime="20201129 08:08:14.581" endtime="20201129 08:08:14.582"></status>
</kw>
<kw name="${pattern} = - adds collections found" type="foritem">
<kw name="Run Keyword If" library="BuiltIn">
<doc>Runs the given keyword with the given arguments, if ``condition`` is true.</doc>
<arguments>
<arg>'''${pattern}''' not in '''${clean_output}'''</arg>
<arg>Fail</arg>
<arg>Output did not contain '${pattern}'</arg>
</arguments>
<status status="PASS" starttime="20201129 08:08:14.582" endtime="20201129 08:08:14.583"></status>
</kw>
<status status="PASS" starttime="20201129 08:08:14.582" endtime="20201129 08:08:14.583"></status>
</kw>
<kw name="${pattern} = in paths without removal of existing ones" type="foritem">
<kw name="Run Keyword If" library="BuiltIn">
<doc>Runs the given keyword with the given arguments, if ``condition`` is true.</doc>
<arguments>
<arg>'''${pattern}''' not in '''${clean_output}'''</arg>
<arg>Fail</arg>
<arg>Output did not contain '${pattern}'</arg>
</arguments>
<status status="PASS" starttime="20201129 08:08:14.583" endtime="20201129 08:08:14.584"></status>
</kw>
<status status="PASS" starttime="20201129 08:08:14.583" endtime="20201129 08:08:14.584"></status>
</kw>
<kw name="${pattern} = `update` - removes collections not found in" type="foritem">
<kw name="Run Keyword If" library="BuiltIn">
<doc>Runs the given keyword with the given arguments, if ``condition`` is true.</doc>
<arguments>
<arg>'''${pattern}''' not in '''${clean_output}'''</arg>
<arg>Fail</arg>
<arg>Output did not contain '${pattern}'</arg>
</arguments>
<status status="PASS" starttime="20201129 08:08:14.584" endtime="20201129 08:08:14.584"></status>
</kw>
<status status="PASS" starttime="20201129 08:08:14.584" endtime="20201129 08:08:14.585"></status>
</kw>
<kw name="${pattern} = paths, adds new ones and updates existing" type="foritem">
<kw name="Run Keyword If" library="BuiltIn">
<doc>Runs the given keyword with the given arguments, if ``condition`` is true.</doc>
<arguments>
<arg>'''${pattern}''' not in '''${clean_output}'''</arg>
<arg>Fail</arg>
<arg>Output did not contain '${pattern}'</arg>
</arguments>
<status status="PASS" starttime="20201129 08:08:14.585" endtime="20201129 08:08:14.585"></status>
</kw>
<status status="PASS" starttime="20201129 08:08:14.585" endtime="20201129 08:08:14.585"></status>
</kw>
<kw name="${pattern} = ones." type="foritem">
<kw name="Run Keyword If" library="BuiltIn">
<doc>Runs the given keyword with the given arguments, if ``condition`` is true.</doc>
<arguments>
<arg>'''${pattern}''' not in '''${clean_output}'''</arg>
<arg>Fail</arg>
<arg>Output did not contain '${pattern}'</arg>
</arguments>
<status status="PASS" starttime="20201129 08:08:14.586" endtime="20201129 08:08:14.586"></status>
</kw>
<status status="PASS" starttime="20201129 08:08:14.585" endtime="20201129 08:08:14.586"></status>
</kw>
<status status="PASS" starttime="20201129 08:08:14.575" endtime="20201129 08:08:14.586"></status>
</kw>
<status status="PASS" starttime="20201129 08:08:14.572" endtime="20201129 08:08:14.586"></status>
</kw>
<doc>Documentation For Load Mode Should Be Displayed Properly</doc>
<tags>
<tag>rfhub2-64</tag>
<tag>update</tag>
</tags>
<status status="PASS" starttime="20201129 08:08:14.571" endtime="20201129 08:08:14.587" critical="yes"></status>
</test>
<test id="s1-s1-t8" name="Documentation For Help Should Be Displayed Properly">
<kw name="Output Should Contain" library="keywords">
<doc>Fail if the output from the previous command doesn't contain the given string
This keyword assumes the output of the command is in
a test suite variable named ${output}</doc>
<arguments>
<arg>--help</arg>
<arg>Show this message and exit.</arg>
</arguments>
<kw name="Create Dictionary" library="BuiltIn">
<doc>Creates and returns a dictionary based on the given ``items``.</doc>
<arguments>
<arg>output=${output}</arg>
</arguments>
<assign>
<var>${ns}</var>
</assign>
<msg timestamp="20201129 08:08:14.590" level="INFO">${ns} = {'output': 'Usage: rfhub2-cli [OPTIONS] [PATHS]...\n\n  Package to populate rfhub2 with robot framework keywords from libraries\n  and resource files.\n\nOptions:\n  -a, --app-url TEXT              Sp...</msg>
<status status="PASS" starttime="20201129 08:08:14.589" endtime="20201129 08:08:14.590"></status>
</kw>
<kw name="Evaluate" library="BuiltIn">
<doc>Evaluates the given expression in Python and returns the result.</doc>
<arguments>
<arg>" ".join(l.strip() for l in output.splitlines())</arg>
<arg>namespace=${ns}</arg>
</arguments>
<assign>
<var>${clean_output}</var>
</assign>
<msg timestamp="20201129 08:08:14.591" level="INFO">${clean_output} = Usage: rfhub2-cli [OPTIONS] [PATHS]...  Package to populate rfhub2 with robot framework keywords from libraries and resource files.  Options: -a, --app-url TEXT              Specifies IP, URI or host ...</msg>
<status status="PASS" starttime="20201129 08:08:14.590" endtime="20201129 08:08:14.591"></status>
</kw>
<kw name="${pattern} IN [ @{patterns} ]" type="for">
<kw name="${pattern} = --help" type="foritem">
<kw name="Run Keyword If" library="BuiltIn">
<doc>Runs the given keyword with the given arguments, if ``condition`` is true.</doc>
<arguments>
<arg>'''${pattern}''' not in '''${clean_output}'''</arg>
<arg>Fail</arg>
<arg>Output did not contain '${pattern}'</arg>
</arguments>
<status status="PASS" starttime="20201129 08:08:14.591" endtime="20201129 08:08:14.592"></status>
</kw>
<status status="PASS" starttime="20201129 08:08:14.591" endtime="20201129 08:08:14.592"></status>
</kw>
<kw name="${pattern} = Show this message and exit." type="foritem">
<kw name="Run Keyword If" library="BuiltIn">
<doc>Runs the given keyword with the given arguments, if ``condition`` is true.</doc>
<arguments>
<arg>'''${pattern}''' not in '''${clean_output}'''</arg>
<arg>Fail</arg>
<arg>Output did not contain '${pattern}'</arg>
</arguments>
<status status="PASS" starttime="20201129 08:08:14.592" endtime="20201129 08:08:14.592"></status>
</kw>
<status status="PASS" starttime="20201129 08:08:14.592" endtime="20201129 08:08:14.593"></status>
</kw>
<status status="PASS" starttime="20201129 08:08:14.591" endtime="20201129 08:08:14.593"></status>
</kw>
<status status="PASS" starttime="20201129 08:08:14.589" endtime="20201129 08:08:14.593"></status>
</kw>
<doc>Documentation For Help Should Be Displayed Properly</doc>
<status status="PASS" starttime="20201129 08:08:14.587" endtime="20201129 08:08:14.593" critical="yes"></status>
</test>
<status status="PASS" starttime="20201129 08:08:12.777" endtime="20201129 08:08:14.594"></status>
</suite>
<suite id="s1-s2" name="Cli Population" source="C:\repo\rfhub2\tests\acceptance\cli_population.robot">
<test id="s1-s2-t1" name="Cli Should Populate App With Keywords From Provided Paths Only">
<kw name="Run Cli Package Without Installed Keywords" library="keywords">
<kw name="Run Cli Package With Options" library="keywords">
<doc>Attempt to run the rfhub2-cli package with the given options
The stdout of the process will be in a test suite
variable named ${output}</doc>
<arguments>
<arg>--no-installed-keywords ${INITIAL_FIXTURES}</arg>
</arguments>
<kw name="Run" library="OperatingSystem">
<doc>Runs the given command in the system and returns the output.</doc>
<arguments>
<arg>${ACTIVATE_VENV} rfhub2-cli ${options}</arg>
</arguments>
<assign>
<var>${output}</var>
</assign>
<msg timestamp="20201129 08:08:14.763" level="INFO">Running command ' rfhub2-cli --no-installed-keywords C:\repo\rfhub2\tests\acceptance\resources\..\..\fixtures/initial/ 2&gt;&amp;1'.</msg>
<msg timestamp="20201129 08:08:18.224" level="INFO">${output} = usage: script_for_system_exit [-h] -c CONF
script_for_system_exit: error: the following arguments are required: -c/--conf
Failed to create collection from path C:\repo\rfhub2\tests\acceptance\resource...</msg>
<status status="PASS" starttime="20201129 08:08:14.620" endtime="20201129 08:08:18.224"></status>
</kw>
<kw name="Set Suite Variable" library="BuiltIn">
<doc>Makes a variable available everywhere within the scope of the current suite.</doc>
<arguments>
<arg>${output}</arg>
</arguments>
<msg timestamp="20201129 08:08:18.225" level="INFO">${output} = usage: script_for_system_exit [-h] -c CONF
script_for_system_exit: error: the following arguments are required: -c/--conf
Failed to create collection from path C:\repo\rfhub2\tests\acceptance\resource...</msg>
<status status="PASS" starttime="20201129 08:08:18.224" endtime="20201129 08:08:18.225"></status>
</kw>
<status status="PASS" starttime="20201129 08:08:14.619" endtime="20201129 08:08:18.225"></status>
</kw>
<status status="PASS" starttime="20201129 08:08:14.618" endtime="20201129 08:08:18.225"></status>
</kw>
<kw name="Output Should Contain" library="keywords">
<doc>Fail if the output from the previous command doesn't contain the given string
This keyword assumes the output of the command is in
a test suite variable named ${output}</doc>
<arguments>
<arg>LibWithInit library with 4 keywords loaded.</arg>
<arg>Test Libdoc File library with 1 keywords loaded.</arg>
<arg>LibWithEmptyInit1 library with 2 keywords loaded.</arg>
<arg>test_resource library with 2 keywords loaded.</arg>
<arg>SingleClassLib library with 3 keywords loaded.</arg>
<arg>LibWithEmptyInit2 library with 2 keywords loaded.</arg>
<arg>test_robot library with 4 keywords loaded.</arg>
<arg>test_res_lib_dir library with 2 keywords loaded.</arg>
<arg>Successfully loaded 8 collections with 20 keywords.</arg>
</arguments>
<kw name="Create Dictionary" library="BuiltIn">
<doc>Creates and returns a dictionary based on the given ``items``.</doc>
<arguments>
<arg>output=${output}</arg>
</arguments>
<assign>
<var>${ns}</var>
</assign>
<msg timestamp="20201129 08:08:18.227" level="INFO">${ns} = {'output': 'usage: script_for_system_exit [-h] -c CONF\nscript_for_system_exit: error: the following arguments are required: -c/--conf\nFailed to create collection from path C:\\repo\\rfhub2\\tests\\a...</msg>
<status status="PASS" starttime="20201129 08:08:18.226" endtime="20201129 08:08:18.227"></status>
</kw>
<kw name="Evaluate" library="BuiltIn">
<doc>Evaluates the given expression in Python and returns the result.</doc>
<arguments>
<arg>" ".join(l.strip() for l in output.splitlines())</arg>
<arg>namespace=${ns}</arg>
</arguments>
<assign>
<var>${clean_output}</var>
</assign>
<msg timestamp="20201129 08:08:18.228" level="INFO">${clean_output} = usage: script_for_system_exit [-h] -c CONF script_for_system_exit: error: the following arguments are required: -c/--conf Failed to create collection from path C:\repo\rfhub2\tests\acceptance\resource...</msg>
<status status="PASS" starttime="20201129 08:08:18.227" endtime="20201129 08:08:18.228"></status>
</kw>
<kw name="${pattern} IN [ @{patterns} ]" type="for">
<kw name="${pattern} = LibWithInit library with 4 keywords loaded." type="foritem">
<kw name="Run Keyword If" library="BuiltIn">
<doc>Runs the given keyword with the given arguments, if ``condition`` is true.</doc>
<arguments>
<arg>'''${pattern}''' not in '''${clean_output}'''</arg>
<arg>Fail</arg>
<arg>Output did not contain '${pattern}'</arg>
</arguments>
<status status="PASS" starttime="20201129 08:08:18.229" endtime="20201129 08:08:18.229"></status>
</kw>
<status status="PASS" starttime="20201129 08:08:18.228" endtime="20201129 08:08:18.229"></status>
</kw>
<kw name="${pattern} = Test Libdoc File library with 1 keywords loaded." type="foritem">
<kw name="Run Keyword If" library="BuiltIn">
<doc>Runs the given keyword with the given arguments, if ``condition`` is true.</doc>
<arguments>
<arg>'''${pattern}''' not in '''${clean_output}'''</arg>
<arg>Fail</arg>
<arg>Output did not contain '${pattern}'</arg>
</arguments>
<status status="PASS" starttime="20201129 08:08:18.229" endtime="20201129 08:08:18.230"></status>
</kw>
<status status="PASS" starttime="20201129 08:08:18.229" endtime="20201129 08:08:18.230"></status>
</kw>
<kw name="${pattern} = LibWithEmptyInit1 library with 2 keywords loaded." type="foritem">
<kw name="Run Keyword If" library="BuiltIn">
<doc>Runs the given keyword with the given arguments, if ``condition`` is true.</doc>
<arguments>
<arg>'''${pattern}''' not in '''${clean_output}'''</arg>
<arg>Fail</arg>
<arg>Output did not contain '${pattern}'</arg>
</arguments>
<status status="PASS" starttime="20201129 08:08:18.230" endtime="20201129 08:08:18.231"></status>
</kw>
<status status="PASS" starttime="20201129 08:08:18.230" endtime="20201129 08:08:18.231"></status>
</kw>
<kw name="${pattern} = test_resource library with 2 keywords loaded." type="foritem">
<kw name="Run Keyword If" library="BuiltIn">
<doc>Runs the given keyword with the given arguments, if ``condition`` is true.</doc>
<arguments>
<arg>'''${pattern}''' not in '''${clean_output}'''</arg>
<arg>Fail</arg>
<arg>Output did not contain '${pattern}'</arg>
</arguments>
<status status="PASS" starttime="20201129 08:08:18.231" endtime="20201129 08:08:18.231"></status>
</kw>
<status status="PASS" starttime="20201129 08:08:18.231" endtime="20201129 08:08:18.232"></status>
</kw>
<kw name="${pattern} = SingleClassLib library with 3 keywords loaded." type="foritem">
<kw name="Run Keyword If" library="BuiltIn">
<doc>Runs the given keyword with the given arguments, if ``condition`` is true.</doc>
<arguments>
<arg>'''${pattern}''' not in '''${clean_output}'''</arg>
<arg>Fail</arg>
<arg>Output did not contain '${pattern}'</arg>
</arguments>
<status status="PASS" starttime="20201129 08:08:18.232" endtime="20201129 08:08:18.232"></status>
</kw>
<status status="PASS" starttime="20201129 08:08:18.232" endtime="20201129 08:08:18.232"></status>
</kw>
<kw name="${pattern} = LibWithEmptyInit2 library with 2 keywords loaded." type="foritem">
<kw name="Run Keyword If" library="BuiltIn">
<doc>Runs the given keyword with the given arguments, if ``condition`` is true.</doc>
<arguments>
<arg>'''${pattern}''' not in '''${clean_output}'''</arg>
<arg>Fail</arg>
<arg>Output did not contain '${pattern}'</arg>
</arguments>
<status status="PASS" starttime="20201129 08:08:18.233" endtime="20201129 08:08:18.233"></status>
</kw>
<status status="PASS" starttime="20201129 08:08:18.232" endtime="20201129 08:08:18.233"></status>
</kw>
<kw name="${pattern} = test_robot library with 4 keywords loaded." type="foritem">
<kw name="Run Keyword If" library="BuiltIn">
<doc>Runs the given keyword with the given arguments, if ``condition`` is true.</doc>
<arguments>
<arg>'''${pattern}''' not in '''${clean_output}'''</arg>
<arg>Fail</arg>
<arg>Output did not contain '${pattern}'</arg>
</arguments>
<status status="PASS" starttime="20201129 08:08:18.234" endtime="20201129 08:08:18.234"></status>
</kw>
<status status="PASS" starttime="20201129 08:08:18.233" endtime="20201129 08:08:18.234"></status>
</kw>
<kw name="${pattern} = test_res_lib_dir library with 2 keywords loaded." type="foritem">
<kw name="Run Keyword If" library="BuiltIn">
<doc>Runs the given keyword with the given arguments, if ``condition`` is true.</doc>
<arguments>
<arg>'''${pattern}''' not in '''${clean_output}'''</arg>
<arg>Fail</arg>
<arg>Output did not contain '${pattern}'</arg>
</arguments>
<status status="PASS" starttime="20201129 08:08:18.234" endtime="20201129 08:08:18.235"></status>
</kw>
<status status="PASS" starttime="20201129 08:08:18.234" endtime="20201129 08:08:18.235"></status>
</kw>
<kw name="${pattern} = Successfully loaded 8 collections with 20 keywords." type="foritem">
<kw name="Run Keyword If" library="BuiltIn">
<doc>Runs the given keyword with the given arguments, if ``condition`` is true.</doc>
<arguments>
<arg>'''${pattern}''' not in '''${clean_output}'''</arg>
<arg>Fail</arg>
<arg>Output did not contain '${pattern}'</arg>
</arguments>
<status status="PASS" starttime="20201129 08:08:18.235" endtime="20201129 08:08:18.236"></status>
</kw>
<status status="PASS" starttime="20201129 08:08:18.235" endtime="20201129 08:08:18.236"></status>
</kw>
<status status="PASS" starttime="20201129 08:08:18.228" endtime="20201129 08:08:18.236"></status>
</kw>
<status status="PASS" starttime="20201129 08:08:18.226" endtime="20201129 08:08:18.236"></status>
</kw>
<kw name="Api Should Have With 8 Collections And 20 Keywords">
<kw name="collections Endpoint Should Have ${n} Items" library="keywords">
<kw name="Get Request For Endpoint" library="keywords">
<arguments>
<arg>endpoint=${endpoint}</arg>
</arguments>
<assign>
<var>${response}</var>
</assign>
<kw name="Create Session" library="RequestsLibrary">
<doc>Create Session: create a HTTP session to a server</doc>
<arguments>
<arg>tmp</arg>
<arg>http://localhost:8000/api/v1</arg>
</arguments>
<msg timestamp="20201129 08:08:18.238" level="INFO">Creating Session using : alias=tmp, url=http://localhost:8000/api/v1, headers={},                     cookies={}, auth=None, timeout=None, proxies=None, verify=False,                     debug=0 </msg>
<status status="PASS" starttime="20201129 08:08:18.238" endtime="20201129 08:08:18.239"></status>
</kw>
<kw name="Get Request" library="RequestsLibrary">
<doc>Send a GET request on the session object found using the
given `alias`</doc>
<arguments>
<arg>tmp</arg>
<arg>${endpoint}/</arg>
<arg>params=${params}</arg>
</arguments>
<assign>
<var>${response}</var>
</assign>
<msg timestamp="20201129 08:08:19.282" level="INFO">GET Request : url=http://localhost:8000/api/v1/collections/ 
 path_url=/api/v1/collections/ 
 headers={'User-Agent': 'python-requests/2.25.0', 'Accept-Encoding': 'gzip, deflate', 'Accept': '*/*', 'Connection': 'keep-alive'} 
 body=None 
 </msg>
<msg timestamp="20201129 08:08:19.282" level="INFO">GET Response : url=http://localhost:8000/api/v1/collections/ 
 status=200, reason=OK 
 body=[{"name":"LibWithEmptyInit1","type":"LIBRARY","version":"2.1.0","scope":"TEST","named_args":null,"path":"C:\\repo\\rfhub2\\tests\\acceptance\\resources\\..\\..\\fixtures\\initial\\LibsWithEmptyInit\\LibWithEmptyInit1.py","doc":"Overview that should be imported for LibWithEmptyInit1.","doc_format":"ROBOT","id":1,"keywords":[{"name":"Lib With Empty Init 1 Method 1","doc":"Docstring for lib_with_empty_init_1_method_1","args":"","tags":[],"id":1,"synopsis":"Docstring for lib_with_empty_init_1_method_1","html_doc":"&lt;p&gt;Docstring for lib_with_empty_init_1_method_1&lt;/p&gt;","arg_string":""},{"name":"Lib With Empty Init 1 Method 2","doc":"Docstring for lib_with_empty_init_1_method_2","args":"","tags":[],"id":2,"synopsis":"Docstring for lib_with_empty_init_1_method_2","html_doc":"&lt;p&gt;Docstring for lib_with_empty_init_1_method_2&lt;/p&gt;","arg_string":""}],"synopsis":"Overview that should be imported for LibWithEmptyInit1.","html_doc":"&lt;p&gt;Overview that should be imported for LibWithEmptyInit1.&lt;/p&gt;"},{"name":"LibWithEmptyInit2","type":"LIBRARY","version":"1.0.0","scope":"TEST","named_args":null,"path":"C:\\repo\\rfhub2\\tests\\acceptance\\resources\\..\\..\\fixtures\\initial\\LibsWithEmptyInit\\LibWithEmptyInit2.py","doc":"Overview that should be imported for LibWithEmptyInit2.","doc_format":"ROBOT","id":2,"keywords":[{"name":"Lib With Empty Init 2 Method 1","doc":"Docstring for lib_with_empty_init_2_method_1","args":"","tags":[],"id":3,"synopsis":"Docstring for lib_with_empty_init_2_method_1","html_doc":"&lt;p&gt;Docstring for lib_with_empty_init_2_method_1&lt;/p&gt;","arg_string":""},{"name":"Lib With Empty Init 2 Method 2","doc":"Docstring for lib_with_empty_init_2_method_2","args":"","tags":[],"id":4,"synopsis":"Docstring for lib_with_empty_init_2_method_2","html_doc":"&lt;p&gt;Docstring for lib_with_empty_init_2_method_2&lt;/p&gt;","arg_string":""}],"synopsis":"Overview that should be imported for LibWithEmptyInit2.","html_doc":"&lt;p&gt;Overview that should be imported for LibWithEmptyInit2.&lt;/p&gt;"},{"name":"LibWithInit","type":"LIBRARY","version":"6.6.6","scope":"GLOBAL","named_args":null,"path":"C:\\repo\\rfhub2\\tests\\acceptance\\resources\\..\\..\\fixtures\\initial\\LibWithInit","doc":"This is a docstring that should be imported as overview\n\nHere goes some docs that should appear on rfhub2 if init is parametrised\n\nThe library import:\n\nExamples:\n| Library    LibWithInit   dummy=../one               # add one dummy\n| Library    LibWithInit   path=../one,/global        # add two dummies","doc_format":"ROBOT","id":3,"keywords":[{"name":"Lib With Init 1 Method 1","doc":"Docstring for lib_with_init_1_method_1","args":"","tags":[],"id":5,"synopsis":"Docstring for lib_with_init_1_method_1","html_doc":"&lt;p&gt;Docstring for lib_with_init_1_method_1&lt;/p&gt;","arg_string":""},{"name":"Lib With Init 1 Method 2","doc":"Docstring for lib_with_init_1_method_2","args":"","tags":[],"id":6,"synopsis":"Docstring for lib_with_init_1_method_2","html_doc":"&lt;p&gt;Docstring for lib_with_init_1_method_2&lt;/p&gt;","arg_string":""},{"name":"Lib With Init 2 Method 1","doc":"Docstring for lib_with_init_2_method_1","args":"","tags":[],"id":7,"synopsis":"Docstring for lib_with_init_2_method_1","html_doc":"&lt;p&gt;Docstring for lib_with_init_2_method_1&lt;/p&gt;","arg_string":""},{"name":"Lib With Init 2 Method 2","doc":"Docstring for lib_with_init_2_method_2","args":"","tags":[],"id":8,"synopsis":"Docstring for lib_with_init_2_method_2","html_doc":"&lt;p&gt;Docstring for lib_with_init_2_method_2&lt;/p&gt;","arg_string":""}],"synopsis":"This is a docstring that should be imported as overview","html_doc":"&lt;p&gt;This is a docstring that should be imported as overview&lt;/p&gt;\n&lt;p&gt;Here goes some docs that should appear on rfhub2 if init is parametrised&lt;/p&gt;\n&lt;p&gt;The library import:&lt;/p&gt;\n&lt;p&gt;Examples:&lt;/p&gt;\n&lt;pre&gt;\nLibrary    LibWithInit   dummy=../one               # add one dummy\nLibrary    LibWithInit   path=../one,/global        # add two dummies\n&lt;/pre&gt;"},{"name":"SingleClassLib","type":"LIBRARY","version":"1.2.3","scope":"TEST","named_args":null,"path":"C:\\repo\\rfhub2\\tests\\acceptance\\resources\\..\\..\\fixtures\\initial\\SingleClassLib\\SingleClassLib.py","doc":"Overview that should be imported for SingleClassLib.","doc_format":"ROBOT","id":4,"keywords":[{"name":"Single Class Lib Method 1","doc":"Docstring for single_class_lib_method_1","args":"","tags":["tag_1","tag_2"],"id":9,"synopsis":"Docstring for single_class_lib_method_1","html_doc":"&lt;p&gt;Docstring for single_class_lib_method_1&lt;/p&gt;","arg_string":""},{"name":"Single Class Lib Method 2","doc":"Docstring for single_class_lib_method_2","args":"","tags":[],"id":10,"synopsis":"Docstring for single_class_lib_method_2","html_doc":"&lt;p&gt;Docstring for single_class_lib_method_2&lt;/p&gt;","arg_string":""},{"name":"Single Class Lib Method 3","doc":"Docstring for single_class_lib_method_3 with two params","args":"[\"param_1\", \"param_2\"]","tags":[],"id":11,"synopsis":"Docstring for single_class_lib_method_3 with two params","html_doc":"&lt;p&gt;Docstring for single_class_lib_method_3 with two params&lt;/p&gt;","arg_string":"param_1, param_2"}],"synopsis":"Overview that should be imported for SingleClassLib.","html_doc":"&lt;p&gt;Overview that should be imported for SingleClassLib.&lt;/p&gt;"},{"name":"Test Libdoc File","type":"LIBRARY","version":"3.2.0","scope":"GLOBAL","named_args":null,"path":"C:\\repo\\rfhub2\\tests\\acceptance\\resources\\..\\..\\fixtures\\initial\\test_libdoc_file.xml","doc":"Documentation for library ``Test Libdoc File``.","doc_format":"ROBOT","id":5,"keywords":[{"name":"Someone Shall Pass","doc":"","args":"[\"who\"]","tags":[],"id":12,"synopsis":"","html_doc":"","arg_string":"who"}],"synopsis":"Documentation for library ``Test Libdoc File``.","html_doc":"&lt;p&gt;Documentation for library &lt;code&gt;Test Libdoc File&lt;/code&gt;.&lt;/p&gt;"},{"name":"test_res_lib_dir","type":"RESOURCE","version":"","scope":"GLOBAL","named_args":null,"path":"C:\\repo\\rfhub2\\tests\\acceptance\\resources\\..\\..\\fixtures\\initial\\LibWithInit\\test_res_lib_dir.resource","doc":"File with .resource extension with two test keywords","doc_format":"ROBOT","id":6,"keywords":[{"name":"Keyword 1 Imported From Resource From Lib Dir File","doc":"This keyword was imported from file\nwith .resource extension, available since RFWK 3.1","args":"","tags":[],"id":13,"synopsis":"This keyword was imported from file","html_doc":"&lt;p&gt;This keyword was imported from file with .resource extension, available since RFWK 3.1&lt;/p&gt;","arg_string":""},{"name":"Keyword 2 Imported From Resource From Lib Dir File","doc":"This keyword was imported from file\nwith .resource extension, available since RFWK 3.1","args":"[\"arg_1\", \"arg_2\"]","tags":[],"id":14,"synopsis":"This keyword was imported from file","html_doc":"&lt;p&gt;This keyword was imported from file with .resource extension, available since RFWK 3.1&lt;/p&gt;","arg_string":"arg_1, arg_2"}],"synopsis":"File with .resource extension with two test keywords","html_doc":"&lt;p&gt;File with .resource extension with two test keywords&lt;/p&gt;"},{"name":"test_resource","type":"RESOURCE","version":"","scope":"GLOBAL","named_args":null,"path":"C:\\repo\\rfhub2\\tests\\acceptance\\resources\\..\\..\\fixtures\\initial\\test_resource.resource","doc":"File with .resource extension with two test keywords","doc_format":"ROBOT","id":7,"keywords":[{"name":"Keyword 1 Imported From Resource File","doc":"This keyword was imported from file\nwith .resource extension, available since RFWK 3.1","args":"","tags":["first_tag"],"id":15,"synopsis":"This keyword was imported from file","html_doc":"&lt;p&gt;This keyword was imported from file with .resource extension, available since RFWK 3.1&lt;/p&gt;","arg_string":""},{"name":"Keyword 2 Imported From Resource File","doc":"This keyword was imported from file\nwith .resource extension, available since RFWK 3.1","args":"[\"arg_1\", \"arg_2\"]","tags":["first_tag","second_tag"],"id":16,"synopsis":"This keyword was imported from file","html_doc":"&lt;p&gt;This keyword was imported from file with .resource extension, available since RFWK 3.1&lt;/p&gt;","arg_string":"arg_1, arg_2"}],"synopsis":"File with .resource extension with two test keywords","html_doc":"&lt;p&gt;File with .resource extension with two test keywords&lt;/p&gt;"},{"name":"test_robot","type":"RESOURCE","version":"","scope":"GLOBAL","named_args":null,"path":"C:\\repo\\rfhub2\\tests\\acceptance\\resources\\..\\..\\fixtures\\initial\\test_robot.robot","doc":"File with .robot extension with two test keywords","doc_format":"ROBOT","id":8,"keywords":[{"name":"Keyword 1 Imported From Robot File","doc":"This keyword was imported from file\nwith .robot extension","args":"","tags":["first_tag","second_tag"],"id":17,"synopsis":"This keyword was imported from file","html_doc":"&lt;p&gt;This keyword was imported from file with .robot extension&lt;/p&gt;","arg_string":""},{"name":"Keyword 2 Imported From Robot File","doc":"This keyword was imported from file\nwith .robot extension","args":"[\"arg_1\", \"arg_2\"]","tags":["first_tag","second_tag","third_tag"],"id":18,"synopsis":"This keyword was imported from file","html_doc":"&lt;p&gt;This keyword was imported from file with .robot extension&lt;/p&gt;","arg_string":"arg_1, arg_2"},{"name":"Keyword With Args With Double Quotation Mark","doc":"Keyword With Args With Double Quotation Mark","args":"[\"ok_argument\", \"not_ok_argument=Kill.${app.replace(-, _)}\"]","tags":["fifth_tag","fouth_tag"],"id":19,"synopsis":"Keyword With Args With Double Quotation Mark","html_doc":"&lt;p&gt;Keyword With Args With Double Quotation Mark&lt;/p&gt;","arg_string":"ok_argument, not_ok_argument=Kill.${app.replace(-, _)}"},{"name":"Keyword With Args With Single Quotation Mark","doc":"Keyword With Args With Single Quotation Mark","args":"[\"ok_argument\", \"not_ok_argument=Kill.${app.replace(-, _)}\"]","tags":["fouth_tag","third_tag"],"id":20,"synopsis":"Keyword With Args With Single Quotation Mark","html_doc":"&lt;p&gt;Keyword With Args With Single Quotation Mark&lt;/p&gt;","arg_string":"ok_argument, not_ok_argument=Kill.${app.replace(-, _)}"}],"synopsis":"File with .robot extension with two test ke... (set the log level to DEBUG or TRACE to see the full content) 
 </msg>
<msg timestamp="20201129 08:08:19.283" level="INFO">${response} = &lt;Response [200]&gt;</msg>
<status status="PASS" starttime="20201129 08:08:18.239" endtime="20201129 08:08:19.283"></status>
</kw>
<kw name="Should Be Equal As Integers" library="BuiltIn">
<doc>Fails if objects are unequal after converting them to integers.</doc>
<arguments>
<arg>${response.status_code}</arg>
<arg>200</arg>
</arguments>
<msg timestamp="20201129 08:08:19.284" level="INFO">Argument types are:
&lt;class 'int'&gt;
&lt;type 'unicode'&gt;</msg>
<status status="PASS" starttime="20201129 08:08:19.283" endtime="20201129 08:08:19.285"></status>
</kw>
<msg timestamp="20201129 08:08:19.285" level="INFO">${response} = [{'name': 'LibWithEmptyInit1', 'type': 'LIBRARY', 'version': '2.1.0', 'scope': 'TEST', 'named_args': None, 'path': 'C:\\repo\\rfhub2\\tests\\acceptance\\resources\\..\\..\\fixtures\\initial\\LibsWithE...</msg>
<status status="PASS" starttime="20201129 08:08:18.237" endtime="20201129 08:08:19.286"></status>
</kw>
<kw name="Length Should Be" library="BuiltIn">
<doc>Verifies that the length of the given item is correct.</doc>
<arguments>
<arg>${response}</arg>
<arg>${n}</arg>
</arguments>
<msg timestamp="20201129 08:08:19.286" level="INFO">Length is 8</msg>
<status status="PASS" starttime="20201129 08:08:19.286" endtime="20201129 08:08:19.286"></status>
</kw>
<status status="PASS" starttime="20201129 08:08:18.237" endtime="20201129 08:08:19.286"></status>
</kw>
<kw name="keywords Endpoint Should Have ${m} Items" library="keywords">
<kw name="Get Request For Endpoint" library="keywords">
<arguments>
<arg>endpoint=${endpoint}</arg>
</arguments>
<assign>
<var>${response}</var>
</assign>
<kw name="Create Session" library="RequestsLibrary">
<doc>Create Session: create a HTTP session to a server</doc>
<arguments>
<arg>tmp</arg>
<arg>http://localhost:8000/api/v1</arg>
</arguments>
<msg timestamp="20201129 08:08:19.288" level="INFO">Creating Session using : alias=tmp, url=http://localhost:8000/api/v1, headers={},                     cookies={}, auth=None, timeout=None, proxies=None, verify=False,                     debug=0 </msg>
<status status="PASS" starttime="20201129 08:08:19.288" endtime="20201129 08:08:19.288"></status>
</kw>
<kw name="Get Request" library="RequestsLibrary">
<doc>Send a GET request on the session object found using the
given `alias`</doc>
<arguments>
<arg>tmp</arg>
<arg>${endpoint}/</arg>
<arg>params=${params}</arg>
</arguments>
<assign>
<var>${response}</var>
</assign>
<msg timestamp="20201129 08:08:20.347" level="INFO">GET Request : url=http://localhost:8000/api/v1/keywords/ 
 path_url=/api/v1/keywords/ 
 headers={'User-Agent': 'python-requests/2.25.0', 'Accept-Encoding': 'gzip, deflate', 'Accept': '*/*', 'Connection': 'keep-alive'} 
 body=None 
 </msg>
<msg timestamp="20201129 08:08:20.347" level="INFO">GET Response : url=http://localhost:8000/api/v1/keywords/ 
 status=200, reason=OK 
 body=[{"name":"Keyword 1 Imported From Resource File","doc":"This keyword was imported from file\nwith .resource extension, available since RFWK 3.1","args":"","tags":["first_tag"],"id":15,"synopsis":"This keyword was imported from file","html_doc":"&lt;p&gt;This keyword was imported from file with .resource extension, available since RFWK 3.1&lt;/p&gt;","arg_string":"","collection":{"id":7,"name":"test_resource"}},{"name":"Keyword 1 Imported From Resource From Lib Dir File","doc":"This keyword was imported from file\nwith .resource extension, available since RFWK 3.1","args":"","tags":[],"id":13,"synopsis":"This keyword was imported from file","html_doc":"&lt;p&gt;This keyword was imported from file with .resource extension, available since RFWK 3.1&lt;/p&gt;","arg_string":"","collection":{"id":6,"name":"test_res_lib_dir"}},{"name":"Keyword 1 Imported From Robot File","doc":"This keyword was imported from file\nwith .robot extension","args":"","tags":["first_tag","second_tag"],"id":17,"synopsis":"This keyword was imported from file","html_doc":"&lt;p&gt;This keyword was imported from file with .robot extension&lt;/p&gt;","arg_string":"","collection":{"id":8,"name":"test_robot"}},{"name":"Keyword 2 Imported From Resource File","doc":"This keyword was imported from file\nwith .resource extension, available since RFWK 3.1","args":"[\"arg_1\", \"arg_2\"]","tags":["first_tag","second_tag"],"id":16,"synopsis":"This keyword was imported from file","html_doc":"&lt;p&gt;This keyword was imported from file with .resource extension, available since RFWK 3.1&lt;/p&gt;","arg_string":"arg_1, arg_2","collection":{"id":7,"name":"test_resource"}},{"name":"Keyword 2 Imported From Resource From Lib Dir File","doc":"This keyword was imported from file\nwith .resource extension, available since RFWK 3.1","args":"[\"arg_1\", \"arg_2\"]","tags":[],"id":14,"synopsis":"This keyword was imported from file","html_doc":"&lt;p&gt;This keyword was imported from file with .resource extension, available since RFWK 3.1&lt;/p&gt;","arg_string":"arg_1, arg_2","collection":{"id":6,"name":"test_res_lib_dir"}},{"name":"Keyword 2 Imported From Robot File","doc":"This keyword was imported from file\nwith .robot extension","args":"[\"arg_1\", \"arg_2\"]","tags":["first_tag","second_tag","third_tag"],"id":18,"synopsis":"This keyword was imported from file","html_doc":"&lt;p&gt;This keyword was imported from file with .robot extension&lt;/p&gt;","arg_string":"arg_1, arg_2","collection":{"id":8,"name":"test_robot"}},{"name":"Keyword With Args With Double Quotation Mark","doc":"Keyword With Args With Double Quotation Mark","args":"[\"ok_argument\", \"not_ok_argument=Kill.${app.replace(-, _)}\"]","tags":["fifth_tag","fouth_tag"],"id":19,"synopsis":"Keyword With Args With Double Quotation Mark","html_doc":"&lt;p&gt;Keyword With Args With Double Quotation Mark&lt;/p&gt;","arg_string":"ok_argument, not_ok_argument=Kill.${app.replace(-, _)}","collection":{"id":8,"name":"test_robot"}},{"name":"Keyword With Args With Single Quotation Mark","doc":"Keyword With Args With Single Quotation Mark","args":"[\"ok_argument\", \"not_ok_argument=Kill.${app.replace(-, _)}\"]","tags":["fouth_tag","third_tag"],"id":20,"synopsis":"Keyword With Args With Single Quotation Mark","html_doc":"&lt;p&gt;Keyword With Args With Single Quotation Mark&lt;/p&gt;","arg_string":"ok_argument, not_ok_argument=Kill.${app.replace(-, _)}","collection":{"id":8,"name":"test_robot"}},{"name":"Lib With Empty Init 1 Method 1","doc":"Docstring for lib_with_empty_init_1_method_1","args":"","tags":[],"id":1,"synopsis":"Docstring for lib_with_empty_init_1_method_1","html_doc":"&lt;p&gt;Docstring for lib_with_empty_init_1_method_1&lt;/p&gt;","arg_string":"","collection":{"id":1,"name":"LibWithEmptyInit1"}},{"name":"Lib With Empty Init 1 Method 2","doc":"Docstring for lib_with_empty_init_1_method_2","args":"","tags":[],"id":2,"synopsis":"Docstring for lib_with_empty_init_1_method_2","html_doc":"&lt;p&gt;Docstring for lib_with_empty_init_1_method_2&lt;/p&gt;","arg_string":"","collection":{"id":1,"name":"LibWithEmptyInit1"}},{"name":"Lib With Empty Init 2 Method 1","doc":"Docstring for lib_with_empty_init_2_method_1","args":"","tags":[],"id":3,"synopsis":"Docstring for lib_with_empty_init_2_method_1","html_doc":"&lt;p&gt;Docstring for lib_with_empty_init_2_method_1&lt;/p&gt;","arg_string":"","collection":{"id":2,"name":"LibWithEmptyInit2"}},{"name":"Lib With Empty Init 2 Method 2","doc":"Docstring for lib_with_empty_init_2_method_2","args":"","tags":[],"id":4,"synopsis":"Docstring for lib_with_empty_init_2_method_2","html_doc":"&lt;p&gt;Docstring for lib_with_empty_init_2_method_2&lt;/p&gt;","arg_string":"","collection":{"id":2,"name":"LibWithEmptyInit2"}},{"name":"Lib With Init 1 Method 1","doc":"Docstring for lib_with_init_1_method_1","args":"","tags":[],"id":5,"synopsis":"Docstring for lib_with_init_1_method_1","html_doc":"&lt;p&gt;Docstring for lib_with_init_1_method_1&lt;/p&gt;","arg_string":"","collection":{"id":3,"name":"LibWithInit"}},{"name":"Lib With Init 1 Method 2","doc":"Docstring for lib_with_init_1_method_2","args":"","tags":[],"id":6,"synopsis":"Docstring for lib_with_init_1_method_2","html_doc":"&lt;p&gt;Docstring for lib_with_init_1_method_2&lt;/p&gt;","arg_string":"","collection":{"id":3,"name":"LibWithInit"}},{"name":"Lib With Init 2 Method 1","doc":"Docstring for lib_with_init_2_method_1","args":"","tags":[],"id":7,"synopsis":"Docstring for lib_with_init_2_method_1","html_doc":"&lt;p&gt;Docstring for lib_with_init_2_method_1&lt;/p&gt;","arg_string":"","collection":{"id":3,"name":"LibWithInit"}},{"name":"Lib With Init 2 Method 2","doc":"Docstring for lib_with_init_2_method_2","args":"","tags":[],"id":8,"synopsis":"Docstring for lib_with_init_2_method_2","html_doc":"&lt;p&gt;Docstring for lib_with_init_2_method_2&lt;/p&gt;","arg_string":"","collection":{"id":3,"name":"
[...]
<status status="PASS" starttime="20201129 08:10:15.624" endtime="20201129 08:10:15.625"></status>
</kw>
<kw name="${i} IN RANGE [ 1 | ${list_len} ]" type="for">
<kw name="${i} = 1" type="foritem">
<kw name="Table Column Should Contain" library="SeleniumLibrary">
<doc>Verifies table column contains text ``expected``.</doc>
<arguments>
<arg>${main_page_table}</arg>
<arg>${i}</arg>
<arg>${Library_data}[${i-1}]</arg>
</arguments>
<status status="PASS" starttime="20201129 08:10:15.625" endtime="20201129 08:10:15.779"></status>
</kw>
<status status="PASS" starttime="20201129 08:10:15.625" endtime="20201129 08:10:15.779"></status>
</kw>
<kw name="${i} = 2" type="foritem">
<kw name="Table Column Should Contain" library="SeleniumLibrary">
<doc>Verifies table column contains text ``expected``.</doc>
<arguments>
<arg>${main_page_table}</arg>
<arg>${i}</arg>
<arg>${Library_data}[${i-1}]</arg>
</arguments>
<status status="PASS" starttime="20201129 08:10:15.780" endtime="20201129 08:10:15.830"></status>
</kw>
<status status="PASS" starttime="20201129 08:10:15.779" endtime="20201129 08:10:15.830"></status>
</kw>
<kw name="${i} = 3" type="foritem">
<kw name="Table Column Should Contain" library="SeleniumLibrary">
<doc>Verifies table column contains text ``expected``.</doc>
<arguments>
<arg>${main_page_table}</arg>
<arg>${i}</arg>
<arg>${Library_data}[${i-1}]</arg>
</arguments>
<status status="PASS" starttime="20201129 08:10:15.831" endtime="20201129 08:10:15.975"></status>
</kw>
<status status="PASS" starttime="20201129 08:10:15.830" endtime="20201129 08:10:15.975"></status>
</kw>
<status status="PASS" starttime="20201129 08:10:15.625" endtime="20201129 08:10:15.975"></status>
</kw>
<status status="PASS" starttime="20201129 08:10:15.604" endtime="20201129 08:10:15.975"></status>
</kw>
<kw name="Table Should Contain Library Data" library="e2e_keywords">
<arguments>
<arg>test_resource</arg>
<arg>RESOURCE</arg>
<arg>${EMPTY}</arg>
<arg>2</arg>
</arguments>
<kw name="Wait Until Element Is Visible" library="SeleniumLibrary">
<doc>Waits until the element ``locator`` is visible.</doc>
<arguments>
<arg>${main_page_table}</arg>
</arguments>
<status status="PASS" starttime="20201129 08:10:15.976" endtime="20201129 08:10:15.997"></status>
</kw>
<kw name="Get Length" library="BuiltIn">
<doc>Returns and logs the length of the given item as an integer.</doc>
<arguments>
<arg>${Library_data}</arg>
</arguments>
<assign>
<var>${list_len}</var>
</assign>
<msg timestamp="20201129 08:10:15.998" level="INFO">Length is 4</msg>
<msg timestamp="20201129 08:10:15.998" level="INFO">${list_len} = 4</msg>
<status status="PASS" starttime="20201129 08:10:15.997" endtime="20201129 08:10:15.998"></status>
</kw>
<kw name="${i} IN RANGE [ 1 | ${list_len} ]" type="for">
<kw name="${i} = 1" type="foritem">
<kw name="Table Column Should Contain" library="SeleniumLibrary">
<doc>Verifies table column contains text ``expected``.</doc>
<arguments>
<arg>${main_page_table}</arg>
<arg>${i}</arg>
<arg>${Library_data}[${i-1}]</arg>
</arguments>
<status status="PASS" starttime="20201129 08:10:15.999" endtime="20201129 08:10:16.171"></status>
</kw>
<status status="PASS" starttime="20201129 08:10:15.998" endtime="20201129 08:10:16.171"></status>
</kw>
<kw name="${i} = 2" type="foritem">
<kw name="Table Column Should Contain" library="SeleniumLibrary">
<doc>Verifies table column contains text ``expected``.</doc>
<arguments>
<arg>${main_page_table}</arg>
<arg>${i}</arg>
<arg>${Library_data}[${i-1}]</arg>
</arguments>
<status status="PASS" starttime="20201129 08:10:16.172" endtime="20201129 08:10:16.358"></status>
</kw>
<status status="PASS" starttime="20201129 08:10:16.171" endtime="20201129 08:10:16.358"></status>
</kw>
<kw name="${i} = 3" type="foritem">
<kw name="Table Column Should Contain" library="SeleniumLibrary">
<doc>Verifies table column contains text ``expected``.</doc>
<arguments>
<arg>${main_page_table}</arg>
<arg>${i}</arg>
<arg>${Library_data}[${i-1}]</arg>
</arguments>
<status status="PASS" starttime="20201129 08:10:16.358" endtime="20201129 08:10:16.391"></status>
</kw>
<status status="PASS" starttime="20201129 08:10:16.358" endtime="20201129 08:10:16.391"></status>
</kw>
<status status="PASS" starttime="20201129 08:10:15.998" endtime="20201129 08:10:16.391"></status>
</kw>
<status status="PASS" starttime="20201129 08:10:15.975" endtime="20201129 08:10:16.392"></status>
</kw>
<kw name="Restore Initial Fixtures" library="keywords" type="teardown">
<kw name="Remove Directory" library="OperatingSystem">
<doc>Removes the directory pointed to by the given ``path``.</doc>
<arguments>
<arg>${INITIAL_FIXTURES}</arg>
<arg>recursive=True</arg>
</arguments>
<msg timestamp="20201129 08:10:16.408" level="INFO" html="yes">Removed directory '&lt;a href="file://C:\repo\rfhub2\tests\fixtures\initial"&gt;C:\repo\rfhub2\tests\fixtures\initial&lt;/a&gt;'.</msg>
<status status="PASS" starttime="20201129 08:10:16.393" endtime="20201129 08:10:16.408"></status>
</kw>
<kw name="Copy Directory" library="OperatingSystem">
<doc>Copies the source directory into the destination.</doc>
<arguments>
<arg>${BACKUP_FIXTURES}</arg>
<arg>${INITIAL_FIXTURES}</arg>
</arguments>
<msg timestamp="20201129 08:10:16.474" level="INFO" html="yes">Copied directory from '&lt;a href="file://C:\repo\rfhub2\tests\fixtures\initial_bkp"&gt;C:\repo\rfhub2\tests\fixtures\initial_bkp&lt;/a&gt;' to '&lt;a href="file://C:\repo\rfhub2\tests\fixtures\initial"&gt;C:\repo\rfhub2\tests\fixtures\initial&lt;/a&gt;'.</msg>
<status status="PASS" starttime="20201129 08:10:16.408" endtime="20201129 08:10:16.475"></status>
</kw>
<kw name="Remove Directory" library="OperatingSystem">
<doc>Removes the directory pointed to by the given ``path``.</doc>
<arguments>
<arg>${BACKUP_FIXTURES}</arg>
<arg>recursive=True</arg>
</arguments>
<msg timestamp="20201129 08:10:16.511" level="INFO" html="yes">Removed directory '&lt;a href="file://C:\repo\rfhub2\tests\fixtures\initial_bkp"&gt;C:\repo\rfhub2\tests\fixtures\initial_bkp&lt;/a&gt;'.</msg>
<status status="PASS" starttime="20201129 08:10:16.475" endtime="20201129 08:10:16.511"></status>
</kw>
<status status="PASS" starttime="20201129 08:10:16.392" endtime="20201129 08:10:16.511"></status>
</kw>
<doc>This test bases on
'Populated App Should Show Number Of Collections'
to shorten execution time.</doc>
<tags>
<tag>e2e</tag>
<tag>rfhub2-64</tag>
<tag>update</tag>
</tags>
<status status="PASS" starttime="20201129 08:10:06.568" endtime="20201129 08:10:16.511" critical="yes"></status>
</test>
<test id="s1-s3-t11" name="Single Class Library Details Should Be Updated On Frontend">
<kw name="Navigate To Main Page" library="e2e_keywords" type="setup">
<kw name="Go To" library="SeleniumLibrary">
<doc>Navigates the current browser window to the provided ``url``.</doc>
<arguments>
<arg>localhost:8000</arg>
</arguments>
<msg timestamp="20201129 08:10:16.514" level="INFO">Opening url 'localhost:8000'</msg>
<status status="PASS" starttime="20201129 08:10:16.514" endtime="20201129 08:10:16.627"></status>
</kw>
<status status="PASS" starttime="20201129 08:10:16.514" endtime="20201129 08:10:16.628"></status>
</kw>
<kw name="Open ${single_class_lib} In Left Panel" library="e2e_keywords">
<kw name="Run Keyword And Return Status" library="BuiltIn">
<doc>Runs the given keyword with given arguments and returns the status as a Boolean value.</doc>
<arguments>
<arg>Element Should Not Be Visible</arg>
<arg>${hamburger}</arg>
</arguments>
<assign>
<var>${is_visible}</var>
</assign>
<kw name="Element Should Not Be Visible" library="SeleniumLibrary">
<doc>Verifies that the element identified by ``locator`` is NOT visible.</doc>
<arguments>
<arg>${hamburger}</arg>
</arguments>
<msg timestamp="20201129 08:10:16.695" level="INFO">Element '//*[@id="root"]/div/header/div/button/span[1]/svg/path' did not exist.</msg>
<status status="PASS" starttime="20201129 08:10:16.630" endtime="20201129 08:10:16.696"></status>
</kw>
<msg timestamp="20201129 08:10:16.696" level="INFO">${is_visible} = True</msg>
<status status="PASS" starttime="20201129 08:10:16.629" endtime="20201129 08:10:16.696"></status>
</kw>
<kw name="Run Keyword Unless" library="BuiltIn">
<doc>Runs the given keyword with the given arguments if ``condition`` is false.</doc>
<arguments>
<arg>${is_visible}</arg>
<arg>Click Element</arg>
<arg>${hamburger}</arg>
</arguments>
<status status="PASS" starttime="20201129 08:10:16.696" endtime="20201129 08:10:16.697"></status>
</kw>
<kw name="Wait Until Element Is Visible" library="SeleniumLibrary">
<doc>Waits until the element ``locator`` is visible.</doc>
<arguments>
<arg>${library}</arg>
</arguments>
<status status="PASS" starttime="20201129 08:10:16.697" endtime="20201129 08:10:16.724"></status>
</kw>
<kw name="Click Element" library="SeleniumLibrary">
<doc>Click the element identified by ``locator``.</doc>
<arguments>
<arg>${library}</arg>
</arguments>
<msg timestamp="20201129 08:10:16.725" level="INFO">Clicking element '//*[contains(text(),"SingleClassLib")]'.</msg>
<status status="PASS" starttime="20201129 08:10:16.725" endtime="20201129 08:10:16.788"></status>
</kw>
<kw name="Wait Until Element Is Visible" library="SeleniumLibrary">
<doc>Waits until the element ``locator`` is visible.</doc>
<arguments>
<arg>//*[contains(text(),'Overview')]</arg>
</arguments>
<status status="PASS" starttime="20201129 08:10:16.788" endtime="20201129 08:10:17.042"></status>
</kw>
<status status="PASS" starttime="20201129 08:10:16.628" endtime="20201129 08:10:17.042"></status>
</kw>
<kw name="Click ${overview} In Left Panel" library="e2e_keywords">
<kw name="Wait Until Element Is Visible" library="SeleniumLibrary">
<doc>Waits until the element ``locator`` is visible.</doc>
<arguments>
<arg>${keyword}</arg>
<arg>1s</arg>
</arguments>
<status status="PASS" starttime="20201129 08:10:17.043" endtime="20201129 08:10:17.068"></status>
</kw>
<kw name="Click Element" library="SeleniumLibrary">
<doc>Click the element identified by ``locator``.</doc>
<arguments>
<arg>${keyword}</arg>
</arguments>
<msg timestamp="20201129 08:10:17.068" level="INFO">Clicking element '//*[contains(text(),"Overview")]'.</msg>
<status status="PASS" starttime="20201129 08:10:17.068" endtime="20201129 08:10:17.131"></status>
</kw>
<kw name="Wait Until Element Is Visible" library="SeleniumLibrary">
<doc>Waits until the element ``locator`` is visible.</doc>
<arguments>
<arg>${detail_view_library_version}</arg>
</arguments>
<msg timestamp="20201129 08:10:17.166" level="INFO">Suppressing StaleElementReferenceException from Selenium.</msg>
<status status="PASS" starttime="20201129 08:10:17.132" endtime="20201129 08:10:17.397"></status>
</kw>
<status status="PASS" starttime="20201129 08:10:17.042" endtime="20201129 08:10:17.398"></status>
</kw>
<kw name="Click Element" library="SeleniumLibrary">
<doc>Click the element identified by ``locator``.</doc>
<arguments>
<arg>${single_class_lib}</arg>
</arguments>
<msg timestamp="20201129 08:10:17.399" level="INFO">Clicking element '//*[contains(text(),"SingleClassLib")]'.</msg>
<status status="PASS" starttime="20201129 08:10:17.398" endtime="20201129 08:10:17.448"></status>
</kw>
<kw name="Wait Until Element Is Visible" library="SeleniumLibrary">
<doc>Waits until the element ``locator`` is visible.</doc>
<arguments>
<arg>${detail_view_library_version}</arg>
</arguments>
<status status="PASS" starttime="20201129 08:10:17.448" endtime="20201129 08:10:17.470"></status>
</kw>
<kw name="Library title Should Be SingleClassLib" library="e2e_keywords">
<kw name="Wait Until Element Is Visible" library="SeleniumLibrary">
<doc>Waits until the element ``locator`` is visible.</doc>
<arguments>
<arg>${detail_view_library_${field}}</arg>
<arg>0.5s</arg>
</arguments>
<status status="PASS" starttime="20201129 08:10:17.471" endtime="20201129 08:10:17.496"></status>
</kw>
<kw name="Element Text Should Be" library="SeleniumLibrary">
<doc>Verifies that element ``locator`` contains exact the text ``expected``.</doc>
<arguments>
<arg>${detail_view_library_${field}}</arg>
<arg>${value}</arg>
</arguments>
<msg timestamp="20201129 08:10:17.497" level="INFO">Verifying element '//*[@id="root"]/div/main/div[2]/div/div/div/h2[1]' contains exact text 'SingleClassLib'.</msg>
<status status="PASS" starttime="20201129 08:10:17.497" endtime="20201129 08:10:17.521"></status>
</kw>
<status status="PASS" starttime="20201129 08:10:17.471" endtime="20201129 08:10:17.521"></status>
</kw>
<kw name="Library version Should Be version: 1.2.8" library="e2e_keywords">
<kw name="Wait Until Element Is Visible" library="SeleniumLibrary">
<doc>Waits until the element ``locator`` is visible.</doc>
<arguments>
<arg>${detail_view_library_${field}}</arg>
<arg>0.5s</arg>
</arguments>
<status status="PASS" starttime="20201129 08:10:17.522" endtime="20201129 08:10:17.543"></status>
</kw>
<kw name="Element Text Should Be" library="SeleniumLibrary">
<doc>Verifies that element ``locator`` contains exact the text ``expected``.</doc>
<arguments>
<arg>${detail_view_library_${field}}</arg>
<arg>${value}</arg>
</arguments>
<msg timestamp="20201129 08:10:17.544" level="INFO">Verifying element '//*[@id="root"]/div/main/div[2]/div/div/div/div[1]' contains exact text 'version: 1.2.8'.</msg>
<status status="PASS" starttime="20201129 08:10:17.543" endtime="20201129 08:10:17.569"></status>
</kw>
<status status="PASS" starttime="20201129 08:10:17.522" endtime="20201129 08:10:17.570"></status>
</kw>
<kw name="Library scope Should Be scope: TEST" library="e2e_keywords">
<kw name="Wait Until Element Is Visible" library="SeleniumLibrary">
<doc>Waits until the element ``locator`` is visible.</doc>
<arguments>
<arg>${detail_view_library_${field}}</arg>
<arg>0.5s</arg>
</arguments>
<status status="PASS" starttime="20201129 08:10:17.571" endtime="20201129 08:10:17.596"></status>
</kw>
<kw name="Element Text Should Be" library="SeleniumLibrary">
<doc>Verifies that element ``locator`` contains exact the text ``expected``.</doc>
<arguments>
<arg>${detail_view_library_${field}}</arg>
<arg>${value}</arg>
</arguments>
<msg timestamp="20201129 08:10:17.597" level="INFO">Verifying element '//*[@id="root"]/div/main/div[2]/div/div/div/div[2]' contains exact text 'scope: TEST'.</msg>
<status status="PASS" starttime="20201129 08:10:17.596" endtime="20201129 08:10:17.621"></status>
</kw>
<status status="PASS" starttime="20201129 08:10:17.570" endtime="20201129 08:10:17.621"></status>
</kw>
<kw name="Library overview Should Be Overview that should be imported for SingleClassLib." library="e2e_keywords">
<kw name="Wait Until Element Is Visible" library="SeleniumLibrary">
<doc>Waits until the element ``locator`` is visible.</doc>
<arguments>
<arg>${detail_view_library_${field}}</arg>
<arg>0.5s</arg>
</arguments>
<status status="PASS" starttime="20201129 08:10:17.622" endtime="20201129 08:10:17.649"></status>
</kw>
<kw name="Element Text Should Be" library="SeleniumLibrary">
<doc>Verifies that element ``locator`` contains exact the text ``expected``.</doc>
<arguments>
<arg>${detail_view_library_${field}}</arg>
<arg>${value}</arg>
</arguments>
<msg timestamp="20201129 08:10:17.650" level="INFO">Verifying element '//*[@id="root"]/div/main/div[2]/div/div/div/div[4]/p' contains exact text 'Overview that should be imported for SingleClassLib.'.</msg>
<status status="PASS" starttime="20201129 08:10:17.650" endtime="20201129 08:10:17.675"></status>
</kw>
<status status="PASS" starttime="20201129 08:10:17.621" endtime="20201129 08:10:17.675"></status>
</kw>
<kw name="Library keywords Should Be Keywords (4)" library="e2e_keywords">
<kw name="Wait Until Element Is Visible" library="SeleniumLibrary">
<doc>Waits until the element ``locator`` is visible.</doc>
<arguments>
<arg>${detail_view_library_${field}}</arg>
<arg>0.5s</arg>
</arguments>
<status status="PASS" starttime="20201129 08:10:17.676" endtime="20201129 08:10:17.703"></status>
</kw>
<kw name="Element Text Should Be" library="SeleniumLibrary">
<doc>Verifies that element ``locator`` contains exact the text ``expected``.</doc>
<arguments>
<arg>${detail_view_library_${field}}</arg>
<arg>${value}</arg>
</arguments>
<msg timestamp="20201129 08:10:17.704" level="INFO">Verifying element '//*[@id="root"]/div/main/div[2]/div/div/div/h2[2]' contains exact text 'Keywords (4)'.</msg>
<status status="PASS" starttime="20201129 08:10:17.703" endtime="20201129 08:10:17.728"></status>
</kw>
<status status="PASS" starttime="20201129 08:10:17.675" endtime="20201129 08:10:17.728"></status>
</kw>
<doc>This test bases on
'First Page Table After Update Should Contain Proper Libraries Data'
to shorten execution time.</doc>
<tags>
<tag>e2e</tag>
<tag>rfhub2-64</tag>
<tag>update</tag>
</tags>
<status status="PASS" starttime="20201129 08:10:16.512" endtime="20201129 08:10:17.728" critical="yes"></status>
</test>
<kw name="Close Browser" library="SeleniumLibrary" type="teardown">
<doc>Closes the current browser.</doc>
<status status="PASS" starttime="20201129 08:10:17.731" endtime="20201129 08:10:19.978"></status>
</kw>
<status status="PASS" starttime="20201129 08:09:34.277" endtime="20201129 08:10:19.978"></status>
</suite>
<kw name="Stop Rfhub2" library="keywords" type="teardown">
<doc>Stops the rfhub2 process created by "Start Rfhub2"</doc>
<kw name="Terminate Process" library="Process">
<doc>Stops the process gracefully or forcefully.</doc>
<arguments>
<arg>${rfhub2_process}</arg>
</arguments>
<msg timestamp="20201129 08:10:20.011" level="INFO">Gracefully terminating process.</msg>
<msg timestamp="20201129 08:10:20.012" level="INFO">Process completed.</msg>
<status status="PASS" starttime="20201129 08:10:20.011" endtime="20201129 08:10:20.012"></status>
</kw>
<kw name="Get Process Result" library="Process">
<doc>Returns the specified `result object` or some of its attributes.</doc>
<assign>
<var>${result}</var>
</assign>
<msg timestamp="20201129 08:10:20.018" level="INFO">${result} = &lt;result object with rc 1&gt;</msg>
<status status="PASS" starttime="20201129 08:10:20.012" endtime="20201129 08:10:20.018"></status>
</kw>
<kw name="Log" library="BuiltIn">
<doc>Logs the given message with the given level.</doc>
<arguments>
<arg>rfhub2 stderr: ${result.stderr} \nstdout: ${result.stdout}</arg>
<arg>DEBUG</arg>
</arguments>
<status status="PASS" starttime="20201129 08:10:20.018" endtime="20201129 08:10:20.023"></status>
</kw>
<status status="PASS" starttime="20201129 08:10:20.010" endtime="20201129 08:10:20.023"></status>
</kw>
<status status="PASS" starttime="20201129 08:08:11.102" endtime="20201129 08:10:20.023"></status>
</suite>
<statistics>
<total>
<stat pass="31" fail="0">Critical Tests</stat>
<stat pass="31" fail="0">All Tests</stat>
</total>
<tag>
<stat pass="11" fail="0">e2e</stat>
<stat pass="1" fail="0">regression</stat>
<stat pass="1" fail="0">rfhub2-153</stat>
<stat pass="1" fail="0">rfhub2-155</stat>
<stat pass="3" fail="0">rfhub2-161</stat>
<stat pass="1" fail="0">rfhub2-46</stat>
<stat pass="6" fail="0">rfhub2-64</stat>
<stat pass="3" fail="0">rfhub2-67</stat>
<stat pass="3" fail="0">statistics</stat>
<stat pass="3" fail="0">tags</stat>
<stat pass="5" fail="0">update</stat>
</tag>
<suite>
<stat pass="31" fail="0" id="s1" name="Acceptance">Acceptance</stat>
<stat pass="8" fail="0" id="s1-s1" name="Cli Options">Acceptance.Cli Options</stat>
<stat pass="12" fail="0" id="s1-s2" name="Cli Population">Acceptance.Cli Population</stat>
<stat pass="11" fail="0" id="s1-s3" name="E2E">Acceptance.E2E</stat>
</suite>
</statistics>
<errors>
</errors>
</robot>
