<?xml version="1.0" encoding="UTF-8"?>
<robot generator="Robot 4.1 (Python 3.6.5 on win32)" generated="20210830 18:51:43.337" rpa="false" schemaversion="2">
    <suite id="s1" name="Aaa" source="C:\repo\rfhub2\tests\Aaa.robot">
        <test id="s1-t1" name="Test 1">
            <kw name="Log" library="BuiltIn">
                <arg>This is dummy message</arg>
                <doc>Logs the given message with the given level.</doc>
                <msg timestamp="20210830 18:51:43.383" level="INFO">This is dummy message</msg>
                <status status="PASS" starttime="20210830 18:51:43.383" endtime="20210830 18:51:43.384"/>
            </kw>
            <kw name="Comment" library="BuiltIn">
                <arg>This is Dummy Comment</arg>
                <doc>Displays the given messages in the log file as keyword arguments.</doc>
                <status status="PASS" starttime="20210830 18:51:43.383" endtime="20210830 18:51:43.384"/>
            </kw>
            <kw name="Should Be True" library="BuiltIn">
                <arg>2+2==4</arg>
                <doc>Fails if the given condition is not true.</doc>
                <status status="PASS" starttime="20210830 18:51:43.384" endtime="20210830 18:51:43.385"/>
            </kw>
            <status status="PASS" starttime="20210830 18:51:43.382" endtime="20210830 18:51:43.384"/>
        </test>
        <test id="s1-t2" name="Test 2">
            <kw name="Log" library="BuiltIn">
                <arg>This is dummy message</arg>
                <doc>Logs the given message with the given level.</doc>
                <msg timestamp="20210830 18:51:43.386" level="INFO">This is dummy message</msg>
                <status status="PASS" starttime="20210830 18:51:43.386" endtime="20210830 18:51:43.387"/>
            </kw>
            <kw name="Comment" library="BuiltIn">
                <arg>This is Dummy Comment</arg>
                <doc>Displays the given messages in the log file as keyword arguments.</doc>
                <status status="PASS" starttime="20210830 18:51:43.386" endtime="20210830 18:51:43.387"/>
            </kw>
            <kw name="Should Be True" library="BuiltIn">
                <arg>2+2==4</arg>
                <doc>Fails if the given condition is not true.</doc>
                <status status="PASS" starttime="20210830 18:51:43.386" endtime="20210830 18:51:43.387"/>
            </kw>
            <status status="PASS" starttime="20210830 18:51:43.385" endtime="20210830 18:51:43.387"/>
        </test>
        <status status="PASS" starttime="20210830 18:51:43.340" endtime="20210830 18:51:43.388"/>
    </suite>
    <statistics>
        <total>
            <stat pass="2" fail="0" skip="0">All Tests</stat>
        </total>
        <tag>
        </tag>
        <suite>
            <stat pass="2" fail="0" skip="0" id="s1" name="Aaa">Aaa</stat>
        </suite>
    </statistics>
    <errors>
    </errors>
</robot>
